2024-07-25T11:55:42.485+05:30  INFO 18500 --- [Management System] [restartedMain] c.m.system.ManagementSystemApplication   : Starting ManagementSystemApplication using Java 17.0.6 with PID 18500 (E:\2024\Workspace\Files\Backend\daas-backend\target\classes started by Lenovo in E:\2024\Workspace\Files\Backend\daas-backend)
2024-07-25T11:55:42.498+05:30  INFO 18500 --- [Management System] [restartedMain] c.m.system.ManagementSystemApplication   : No active profile set, falling back to 1 default profile: "default"
2024-07-25T11:55:42.742+05:30  INFO 18500 --- [Management System] [restartedMain] .e.DevToolsPropertyDefaultsPostProcessor : Devtools property defaults active! Set 'spring.devtools.add-properties' to 'false' to disable
2024-07-25T11:55:42.743+05:30  INFO 18500 --- [Management System] [restartedMain] .e.DevToolsPropertyDefaultsPostProcessor : For additional web related logging consider setting the 'logging.level.web' property to 'DEBUG'
2024-07-25T11:55:45.490+05:30  INFO 18500 --- [Management System] [restartedMain] .s.d.r.c.RepositoryConfigurationDelegate : Bootstrapping Spring Data JPA repositories in DEFAULT mode.
2024-07-25T11:55:45.630+05:30  INFO 18500 --- [Management System] [restartedMain] .s.d.r.c.RepositoryConfigurationDelegate : Finished Spring Data repository scanning in 121 ms. Found 4 JPA repository interfaces.
2024-07-25T11:55:47.265+05:30  INFO 18500 --- [Management System] [restartedMain] o.s.b.w.embedded.tomcat.TomcatWebServer  : Tomcat initialized with port 8080 (http)
2024-07-25T11:55:47.287+05:30  INFO 18500 --- [Management System] [restartedMain] o.apache.catalina.core.StandardService   : Starting service [Tomcat]
2024-07-25T11:55:47.288+05:30  INFO 18500 --- [Management System] [restartedMain] o.apache.catalina.core.StandardEngine    : Starting Servlet engine: [Apache Tomcat/10.1.24]
2024-07-25T11:55:47.408+05:30  INFO 18500 --- [Management System] [restartedMain] o.a.c.c.C.[Tomcat].[localhost].[/daas]   : Initializing Spring embedded WebApplicationContext
2024-07-25T11:55:47.409+05:30  INFO 18500 --- [Management System] [restartedMain] w.s.c.ServletWebServerApplicationContext : Root WebApplicationContext: initialization completed in 4665 ms
2024-07-25T11:55:47.903+05:30  INFO 18500 --- [Management System] [restartedMain] o.hibernate.jpa.internal.util.LogHelper  : HHH000204: Processing PersistenceUnitInfo [name: default]
2024-07-25T11:55:48.022+05:30  INFO 18500 --- [Management System] [restartedMain] org.hibernate.Version                    : HHH000412: Hibernate ORM core version 6.5.2.Final
2024-07-25T11:55:48.089+05:30  INFO 18500 --- [Management System] [restartedMain] o.h.c.internal.RegionFactoryInitiator    : HHH000026: Second-level cache disabled
2024-07-25T11:55:48.570+05:30  INFO 18500 --- [Management System] [restartedMain] o.s.o.j.p.SpringPersistenceUnitInfo      : No LoadTimeWeaver setup: ignoring JPA class transformer
2024-07-25T11:55:48.643+05:30  INFO 18500 --- [Management System] [restartedMain] com.zaxxer.hikari.HikariDataSource       : HikariPool-1 - Starting...
2024-07-25T11:55:49.257+05:30  INFO 18500 --- [Management System] [restartedMain] com.zaxxer.hikari.pool.HikariPool        : HikariPool-1 - Added connection com.mysql.cj.jdbc.ConnectionImpl@371c31e1
2024-07-25T11:55:49.260+05:30  INFO 18500 --- [Management System] [restartedMain] com.zaxxer.hikari.HikariDataSource       : HikariPool-1 - Start completed.
2024-07-25T11:55:50.938+05:30  INFO 18500 --- [Management System] [restartedMain] o.h.e.t.j.p.i.JtaPlatformInitiator       : HHH000489: No JTA platform available (set 'hibernate.transaction.jta.platform' to enable JTA platform integration)
2024-07-25T11:55:51.104+05:30  INFO 18500 --- [Management System] [restartedMain] j.LocalContainerEntityManagerFactoryBean : Initialized JPA EntityManagerFactory for persistence unit 'default'
2024-07-25T11:55:51.539+05:30  INFO 18500 --- [Management System] [restartedMain] o.s.d.j.r.query.QueryEnhancerFactory     : Hibernate is in classpath; If applicable, HQL parser will be used.
2024-07-25T11:55:52.126+05:30 DEBUG 18500 --- [Management System] [restartedMain] o.s.w.f.ServerHttpObservationFilter      : Filter 'webMvcObservationFilter' configured for use
2024-07-25T11:55:52.126+05:30 DEBUG 18500 --- [Management System] [restartedMain] o.s.w.s.r.ResourceUrlEncodingFilter      : Filter 'resourceUrlEncodingFilter' configured for use
2024-07-25T11:55:52.426+05:30  INFO 18500 --- [Management System] [restartedMain] eAuthenticationProviderManagerConfigurer : Global AuthenticationManager configured with AuthenticationProvider bean with name authenticationProvider
2024-07-25T11:55:53.075+05:30 TRACE 18500 --- [Management System] [restartedMain] o.s.w.s.s.s.WebSocketHandlerMapping      : Mapped [/ws/**] onto org.springframework.web.socket.sockjs.support.SockJsHttpRequestHandler@1d2be2a3
2024-07-25T11:55:53.075+05:30 DEBUG 18500 --- [Management System] [restartedMain] o.s.w.s.s.s.WebSocketHandlerMapping      : Patterns [/ws/**] in 'stompWebSocketHandlerMapping'
2024-07-25T11:55:53.241+05:30 DEBUG 18500 --- [Management System] [restartedMain] s.w.s.m.m.a.RequestMappingHandlerMapping : 31 mappings in 'requestMappingHandlerMapping'
2024-07-25T11:55:54.237+05:30 DEBUG 18500 --- [Management System] [restartedMain] o.s.w.s.handler.SimpleUrlHandlerMapping  : Patterns [/webjars/**, /**, /swagger-ui*/*swagger-initializer.js, /swagger-ui*/**] in 'resourceHandlerMapping'
2024-07-25T11:55:54.719+05:30  INFO 18500 --- [Management System] [restartedMain] o.s.b.a.e.web.EndpointLinksResolver      : Exposing 1 endpoint beneath base path '/actuator'
2024-07-25T11:55:54.825+05:30  INFO 18500 --- [Management System] [restartedMain] o.s.s.web.DefaultSecurityFilterChain     : Will secure any request with [org.springframework.security.web.session.DisableEncodeUrlFilter@5eef8d09, org.springframework.security.web.context.request.async.WebAsyncManagerIntegrationFilter@229da31, org.springframework.security.web.context.SecurityContextHolderFilter@3ffb8175, org.springframework.security.web.header.HeaderWriterFilter@1500c8e0, org.springframework.web.filter.CorsFilter@68d974f3, org.springframework.security.web.authentication.logout.LogoutFilter@3f38f8f4, com.management.system.config.JwtAuthenticationFilter@6b8ccc7b, org.springframework.security.web.savedrequest.RequestCacheAwareFilter@765960a6, org.springframework.security.web.servletapi.SecurityContextHolderAwareRequestFilter@1ab940cd, org.springframework.security.web.authentication.AnonymousAuthenticationFilter@32cba4ed, org.springframework.security.web.session.SessionManagementFilter@311c9a15, org.springframework.security.web.access.ExceptionTranslationFilter@74c09f99, org.springframework.security.web.access.intercept.AuthorizationFilter@4e29c4d9]
2024-07-25T11:55:54.934+05:30 TRACE 18500 --- [Management System] [restartedMain] .WebSocketAnnotationMethodMessageHandler : Looking for @MessageExceptionHandler mappings: org.springframework.boot.web.servlet.context.AnnotationConfigServletWebServerApplicationContext@79bb9e6, started on Thu Jul 25 11:55:42 IST 2024
2024-07-25T11:55:54.965+05:30 DEBUG 18500 --- [Management System] [restartedMain] .WebSocketAnnotationMethodMessageHandler : 
	c.m.s.c.AdminController:
	
2024-07-25T11:55:54.967+05:30 DEBUG 18500 --- [Management System] [restartedMain] .WebSocketAnnotationMethodMessageHandler : 
	c.m.s.c.AuthenticationController:
	
2024-07-25T11:55:54.968+05:30 DEBUG 18500 --- [Management System] [restartedMain] .WebSocketAnnotationMethodMessageHandler : 
	c.m.s.c.DocumentController:
	
2024-07-25T11:55:54.968+05:30 DEBUG 18500 --- [Management System] [restartedMain] .WebSocketAnnotationMethodMessageHandler : 
	c.m.s.c.EmployeeController:
	
2024-07-25T11:55:54.968+05:30 DEBUG 18500 --- [Management System] [restartedMain] .WebSocketAnnotationMethodMessageHandler : 
	c.m.s.c.PaymentGatewayController:
	
2024-07-25T11:55:54.969+05:30 DEBUG 18500 --- [Management System] [restartedMain] .WebSocketAnnotationMethodMessageHandler : 
	c.m.s.c.UserController:
	
2024-07-25T11:55:54.970+05:30 DEBUG 18500 --- [Management System] [restartedMain] .WebSocketAnnotationMethodMessageHandler : 
	o.s.b.a.w.s.e.BasicErrorController:
	
2024-07-25T11:55:54.971+05:30 DEBUG 18500 --- [Management System] [restartedMain] .WebSocketAnnotationMethodMessageHandler : 
	o.s.w.a.OpenApiWebMvcResource:
	
2024-07-25T11:55:54.971+05:30 DEBUG 18500 --- [Management System] [restartedMain] .WebSocketAnnotationMethodMessageHandler : 
	o.s.w.u.SwaggerWelcomeWebMvc:
	
2024-07-25T11:55:54.971+05:30 DEBUG 18500 --- [Management System] [restartedMain] .WebSocketAnnotationMethodMessageHandler : 
	o.s.w.u.SwaggerConfigResource:
	
2024-07-25T11:55:55.121+05:30 DEBUG 18500 --- [Management System] [restartedMain] s.w.s.m.m.a.RequestMappingHandlerAdapter : ControllerAdvice beans: 0 @ModelAttribute, 0 @InitBinder, 1 RequestBodyAdvice, 1 ResponseBodyAdvice
2024-07-25T11:55:55.201+05:30 DEBUG 18500 --- [Management System] [restartedMain] .m.m.a.ExceptionHandlerExceptionResolver : ControllerAdvice beans: 2 @ExceptionHandler, 1 ResponseBodyAdvice
2024-07-25T11:55:55.814+05:30  INFO 18500 --- [Management System] [restartedMain] o.s.b.d.a.OptionalLiveReloadServer       : LiveReload server is running on port 35729
2024-07-25T11:55:55.952+05:30  INFO 18500 --- [Management System] [restartedMain] o.s.b.w.embedded.tomcat.TomcatWebServer  : Tomcat started on port 8080 (http) with context path '/daas'
2024-07-25T11:55:55.955+05:30 DEBUG 18500 --- [Management System] [restartedMain] o.s.m.s.ExecutorSubscribableChannel      : clientOutboundChannel added SubProtocolWebSocketHandler[StompSubProtocolHandler[v10.stomp, v11.stomp, v12.stomp]]
2024-07-25T11:55:55.956+05:30 DEBUG 18500 --- [Management System] [restartedMain] o.s.m.s.ExecutorSubscribableChannel      : clientInboundChannel added WebSocketAnnotationMethodMessageHandler[prefixes=[/app/]]
2024-07-25T11:55:55.956+05:30  INFO 18500 --- [Management System] [restartedMain] o.s.m.s.b.SimpleBrokerMessageHandler     : Starting...
2024-07-25T11:55:55.957+05:30 DEBUG 18500 --- [Management System] [restartedMain] o.s.m.s.ExecutorSubscribableChannel      : clientInboundChannel added SimpleBrokerMessageHandler [org.springframework.messaging.simp.broker.DefaultSubscriptionRegistry@127108e6]
2024-07-25T11:55:55.958+05:30 DEBUG 18500 --- [Management System] [restartedMain] o.s.m.s.ExecutorSubscribableChannel      : brokerChannel added SimpleBrokerMessageHandler [org.springframework.messaging.simp.broker.DefaultSubscriptionRegistry@127108e6]
2024-07-25T11:55:55.960+05:30  INFO 18500 --- [Management System] [restartedMain] o.s.m.s.b.SimpleBrokerMessageHandler     : BrokerAvailabilityEvent[available=true, SimpleBrokerMessageHandler [org.springframework.messaging.simp.broker.DefaultSubscriptionRegistry@127108e6]]
2024-07-25T11:55:55.960+05:30  INFO 18500 --- [Management System] [restartedMain] o.s.m.s.b.SimpleBrokerMessageHandler     : Started.
2024-07-25T11:55:55.961+05:30 DEBUG 18500 --- [Management System] [restartedMain] o.s.m.s.ExecutorSubscribableChannel      : clientInboundChannel added UserDestinationMessageHandler[DefaultUserDestinationResolver[prefix=/user/]]
2024-07-25T11:55:55.961+05:30 DEBUG 18500 --- [Management System] [restartedMain] o.s.m.s.ExecutorSubscribableChannel      : brokerChannel added UserDestinationMessageHandler[DefaultUserDestinationResolver[prefix=/user/]]
2024-07-25T11:55:55.986+05:30  INFO 18500 --- [Management System] [restartedMain] c.m.system.ManagementSystemApplication   : Started ManagementSystemApplication in 14.801 seconds (process running for 17.38)
2024-07-25T11:55:57.363+05:30  INFO 18500 --- [Management System] [RMI TCP Connection(10)-127.0.0.1] o.a.c.c.C.[Tomcat].[localhost].[/daas]   : Initializing Spring DispatcherServlet 'dispatcherServlet'
2024-07-25T11:55:57.363+05:30  INFO 18500 --- [Management System] [RMI TCP Connection(10)-127.0.0.1] o.s.web.servlet.DispatcherServlet        : Initializing Servlet 'dispatcherServlet'
2024-07-25T11:55:57.364+05:30 DEBUG 18500 --- [Management System] [RMI TCP Connection(10)-127.0.0.1] o.s.web.servlet.DispatcherServlet        : Detected StandardServletMultipartResolver
2024-07-25T11:55:57.365+05:30 DEBUG 18500 --- [Management System] [RMI TCP Connection(10)-127.0.0.1] o.s.web.servlet.DispatcherServlet        : Detected AcceptHeaderLocaleResolver
2024-07-25T11:55:57.366+05:30 DEBUG 18500 --- [Management System] [RMI TCP Connection(10)-127.0.0.1] o.s.web.servlet.DispatcherServlet        : Detected FixedThemeResolver
2024-07-25T11:55:57.369+05:30 DEBUG 18500 --- [Management System] [RMI TCP Connection(10)-127.0.0.1] o.s.web.servlet.DispatcherServlet        : Detected org.springframework.web.servlet.view.DefaultRequestToViewNameTranslator@34669bc0
2024-07-25T11:55:57.370+05:30 DEBUG 18500 --- [Management System] [RMI TCP Connection(10)-127.0.0.1] o.s.web.servlet.DispatcherServlet        : Detected org.springframework.web.servlet.support.SessionFlashMapManager@1f2a5c65
2024-07-25T11:55:57.370+05:30 DEBUG 18500 --- [Management System] [RMI TCP Connection(10)-127.0.0.1] o.s.web.servlet.DispatcherServlet        : enableLoggingRequestDetails='false': request parameters and headers will be masked to prevent unsafe logging of potentially sensitive data
2024-07-25T11:55:57.371+05:30  INFO 18500 --- [Management System] [RMI TCP Connection(10)-127.0.0.1] o.s.web.servlet.DispatcherServlet        : Completed initialization in 6 ms
2024-07-25T11:56:55.856+05:30  INFO 18500 --- [Management System] [MessageBroker-2] o.s.w.s.c.WebSocketMessageBrokerStats    : WebSocketSession[0 current WS(0)-HttpStream(0)-HttpPoll(0), 0 total, 0 closed abnormally (0 connect failure, 0 send limit, 0 transport error)], stompSubProtocol[processed CONNECT(0)-CONNECTED(0)-DISCONNECT(0)], stompBrokerRelay[null], inboundChannel[pool size = 0, active threads = 0, queued tasks = 0, completed tasks = 0], outboundChannel[pool size = 0, active threads = 0, queued tasks = 0, completed tasks = 0], sockJsScheduler[pool size = 4, active threads = 1, queued tasks = 1, completed tasks = 2]
2024-07-25T12:26:55.863+05:30  INFO 18500 --- [Management System] [MessageBroker-2] o.s.w.s.c.WebSocketMessageBrokerStats    : WebSocketSession[0 current WS(0)-HttpStream(0)-HttpPoll(0), 0 total, 0 closed abnormally (0 connect failure, 0 send limit, 0 transport error)], stompSubProtocol[processed CONNECT(0)-CONNECTED(0)-DISCONNECT(0)], stompBrokerRelay[null], inboundChannel[pool size = 0, active threads = 0, queued tasks = 0, completed tasks = 0], outboundChannel[pool size = 0, active threads = 0, queued tasks = 0, completed tasks = 0], sockJsScheduler[pool size = 4, active threads = 1, queued tasks = 1, completed tasks = 63]
2024-07-25T12:37:09.005+05:30 DEBUG 18500 --- [Management System] [http-nio-8080-exec-3] o.s.web.servlet.DispatcherServlet        : POST "/daas/api/v1/auth/login", parameters={}
2024-07-25T12:37:09.011+05:30 DEBUG 18500 --- [Management System] [http-nio-8080-exec-3] s.w.s.m.m.a.RequestMappingHandlerMapping : Mapped to com.management.system.controller.AuthenticationController#login(Login)
2024-07-25T12:37:09.130+05:30 DEBUG 18500 --- [Management System] [http-nio-8080-exec-3] m.m.a.RequestResponseBodyMethodProcessor : Read "application/json;charset=UTF-8" to [com.management.system.dto.Login@49a2a7d9]
2024-07-25T12:37:09.479+05:30 DEBUG 18500 --- [Management System] [http-nio-8080-exec-3] .m.m.a.ExceptionHandlerExceptionResolver : Using @ExceptionHandler com.management.system.exception.GlobalExceptionHandler#handleGlobalException(Exception, WebRequest)
2024-07-25T12:37:09.492+05:30 DEBUG 18500 --- [Management System] [http-nio-8080-exec-3] o.s.w.s.m.m.a.HttpEntityMethodProcessor  : Using 'application/json', given [application/json, text/plain, */*] and supported [application/json, application/*+json]
2024-07-25T12:37:09.493+05:30 DEBUG 18500 --- [Management System] [http-nio-8080-exec-3] o.s.w.s.m.m.a.HttpEntityMethodProcessor  : Writing [{path=uri=/daas/api/v1/auth/login, error=Internal Server Error, message=Bad credentials, timestamp=1 (truncated)...]
2024-07-25T12:37:09.514+05:30  WARN 18500 --- [Management System] [http-nio-8080-exec-3] .m.m.a.ExceptionHandlerExceptionResolver : Resolved [org.springframework.security.authentication.BadCredentialsException: Bad credentials]
2024-07-25T12:37:09.515+05:30 DEBUG 18500 --- [Management System] [http-nio-8080-exec-3] o.s.web.servlet.DispatcherServlet        : Completed 500 INTERNAL_SERVER_ERROR
2024-07-25T12:37:10.722+05:30 DEBUG 18500 --- [Management System] [http-nio-8080-exec-4] o.s.web.servlet.DispatcherServlet        : POST "/daas/api/v1/auth/login", parameters={}
2024-07-25T12:37:10.723+05:30 DEBUG 18500 --- [Management System] [http-nio-8080-exec-4] s.w.s.m.m.a.RequestMappingHandlerMapping : Mapped to com.management.system.controller.AuthenticationController#login(Login)
2024-07-25T12:37:10.725+05:30 DEBUG 18500 --- [Management System] [http-nio-8080-exec-4] m.m.a.RequestResponseBodyMethodProcessor : Read "application/json;charset=UTF-8" to [com.management.system.dto.Login@3e9aa230]
2024-07-25T12:37:10.842+05:30 DEBUG 18500 --- [Management System] [http-nio-8080-exec-4] .m.m.a.ExceptionHandlerExceptionResolver : Using @ExceptionHandler com.management.system.exception.GlobalExceptionHandler#handleGlobalException(Exception, WebRequest)
2024-07-25T12:37:10.844+05:30 DEBUG 18500 --- [Management System] [http-nio-8080-exec-4] o.s.w.s.m.m.a.HttpEntityMethodProcessor  : Using 'application/json', given [application/json, text/plain, */*] and supported [application/json, application/*+json]
2024-07-25T12:37:10.844+05:30 DEBUG 18500 --- [Management System] [http-nio-8080-exec-4] o.s.w.s.m.m.a.HttpEntityMethodProcessor  : Writing [{path=uri=/daas/api/v1/auth/login, error=Internal Server Error, message=Bad credentials, timestamp=1 (truncated)...]
2024-07-25T12:37:10.845+05:30  WARN 18500 --- [Management System] [http-nio-8080-exec-4] .m.m.a.ExceptionHandlerExceptionResolver : Resolved [org.springframework.security.authentication.BadCredentialsException: Bad credentials]
2024-07-25T12:37:10.846+05:30 DEBUG 18500 --- [Management System] [http-nio-8080-exec-4] o.s.web.servlet.DispatcherServlet        : Completed 500 INTERNAL_SERVER_ERROR
2024-07-25T12:38:03.304+05:30 DEBUG 18500 --- [Management System] [http-nio-8080-exec-2] o.s.web.servlet.DispatcherServlet        : POST "/daas/api/v1/auth/login", parameters={}
2024-07-25T12:38:03.305+05:30 DEBUG 18500 --- [Management System] [http-nio-8080-exec-2] s.w.s.m.m.a.RequestMappingHandlerMapping : Mapped to com.management.system.controller.AuthenticationController#login(Login)
2024-07-25T12:38:03.306+05:30 DEBUG 18500 --- [Management System] [http-nio-8080-exec-2] m.m.a.RequestResponseBodyMethodProcessor : Read "application/json;charset=UTF-8" to [com.management.system.dto.Login@6963a406]
2024-07-25T12:38:03.480+05:30 DEBUG 18500 --- [Management System] [http-nio-8080-exec-2] o.s.w.s.m.m.a.HttpEntityMethodProcessor  : Using 'application/json', given [application/json, text/plain, */*] and supported [application/json, application/*+json]
2024-07-25T12:38:03.480+05:30 DEBUG 18500 --- [Management System] [http-nio-8080-exec-2] o.s.w.s.m.m.a.HttpEntityMethodProcessor  : Writing [com.management.system.dto.JwtAuthenticationResponse@58896acd]
2024-07-25T12:38:03.482+05:30 DEBUG 18500 --- [Management System] [http-nio-8080-exec-2] o.s.web.servlet.DispatcherServlet        : Completed 200 OK
2024-07-25T12:38:03.542+05:30 DEBUG 18500 --- [Management System] [http-nio-8080-exec-6] o.s.web.servlet.DispatcherServlet        : GET "/daas/api/v1/employees/user?email=vigneshraj.jul11%40gmail.com", parameters={masked}
2024-07-25T12:38:03.543+05:30 DEBUG 18500 --- [Management System] [http-nio-8080-exec-6] s.w.s.m.m.a.RequestMappingHandlerMapping : Mapped to com.management.system.controller.EmployeeController#getUserByEmail(String)
2024-07-25T12:38:03.603+05:30 DEBUG 18500 --- [Management System] [http-nio-8080-exec-6] o.s.w.s.m.m.a.HttpEntityMethodProcessor  : Using 'application/json', given [application/json, text/plain, */*] and supported [application/json, application/*+json]
2024-07-25T12:38:03.604+05:30 DEBUG 18500 --- [Management System] [http-nio-8080-exec-6] o.s.w.s.m.m.a.HttpEntityMethodProcessor  : Writing [com.management.system.entity.EmployeeEntity@3a7e763d]
2024-07-25T12:38:03.609+05:30 DEBUG 18500 --- [Management System] [http-nio-8080-exec-6] o.s.web.servlet.DispatcherServlet        : Completed 200 OK
2024-07-25T12:38:03.822+05:30 DEBUG 18500 --- [Management System] [http-nio-8080-exec-9] o.s.web.servlet.DispatcherServlet        : GET "/daas/api/v1/admin/total-documents", parameters={}
2024-07-25T12:38:03.824+05:30 DEBUG 18500 --- [Management System] [http-nio-8080-exec-9] s.w.s.m.m.a.RequestMappingHandlerMapping : Mapped to com.management.system.controller.AdminController#getTotalDocumentCount()
2024-07-25T12:38:03.846+05:30 DEBUG 18500 --- [Management System] [http-nio-8080-exec-10] o.s.web.servlet.DispatcherServlet        : GET "/daas/api/v1/admin/total-employees", parameters={}
2024-07-25T12:38:03.847+05:30 DEBUG 18500 --- [Management System] [http-nio-8080-exec-10] s.w.s.m.m.a.RequestMappingHandlerMapping : Mapped to com.management.system.controller.AdminController#getTotalEmployeeCount()
2024-07-25T12:38:03.967+05:30 DEBUG 18500 --- [Management System] [http-nio-8080-exec-9] m.m.a.RequestResponseBodyMethodProcessor : Using 'application/json', given [application/json, text/plain, */*] and supported [application/json, application/*+json]
2024-07-25T12:38:03.968+05:30 DEBUG 18500 --- [Management System] [http-nio-8080-exec-9] m.m.a.RequestResponseBodyMethodProcessor : Writing [2]
2024-07-25T12:38:03.969+05:30 DEBUG 18500 --- [Management System] [http-nio-8080-exec-9] o.s.web.servlet.DispatcherServlet        : Completed 200 OK
2024-07-25T12:38:03.974+05:30 DEBUG 18500 --- [Management System] [http-nio-8080-exec-10] m.m.a.RequestResponseBodyMethodProcessor : Using 'application/json', given [application/json, text/plain, */*] and supported [application/json, application/*+json]
2024-07-25T12:38:03.974+05:30 DEBUG 18500 --- [Management System] [http-nio-8080-exec-10] m.m.a.RequestResponseBodyMethodProcessor : Writing [3]
2024-07-25T12:38:03.976+05:30 DEBUG 18500 --- [Management System] [http-nio-8080-exec-10] o.s.web.servlet.DispatcherServlet        : Completed 200 OK
2024-07-25T12:38:09.202+05:30 DEBUG 18500 --- [Management System] [http-nio-8080-exec-3] o.s.web.servlet.DispatcherServlet        : GET "/daas/api/v1/employees/all-excluding-current?currentUserEmail=vigneshraj.jul11%40gmail.com", parameters={masked}
2024-07-25T12:38:09.202+05:30 DEBUG 18500 --- [Management System] [http-nio-8080-exec-3] s.w.s.m.m.a.RequestMappingHandlerMapping : Mapped to com.management.system.controller.EmployeeController#getAllUsersExcludingCurrent(String)
2024-07-25T12:38:09.220+05:30 DEBUG 18500 --- [Management System] [http-nio-8080-exec-3] o.s.w.s.m.m.a.HttpEntityMethodProcessor  : Using 'application/json', given [*/*] and supported [application/json, application/*+json]
2024-07-25T12:38:09.221+05:30 DEBUG 18500 --- [Management System] [http-nio-8080-exec-3] o.s.w.s.m.m.a.HttpEntityMethodProcessor  : Writing [[com.management.system.entity.EmployeeEntity@7f73bfc8]]
2024-07-25T12:38:09.222+05:30 DEBUG 18500 --- [Management System] [http-nio-8080-exec-3] o.s.web.servlet.DispatcherServlet        : Completed 200 OK
2024-07-25T12:38:11.767+05:30 DEBUG 18500 --- [Management System] [http-nio-8080-exec-2] o.s.web.servlet.DispatcherServlet        : GET "/daas/api/v1/admin/total-employees", parameters={}
2024-07-25T12:38:11.768+05:30 DEBUG 18500 --- [Management System] [http-nio-8080-exec-2] s.w.s.m.m.a.RequestMappingHandlerMapping : Mapped to com.management.system.controller.AdminController#getTotalEmployeeCount()
2024-07-25T12:38:11.774+05:30 DEBUG 18500 --- [Management System] [http-nio-8080-exec-4] o.s.web.servlet.DispatcherServlet        : GET "/daas/api/v1/admin/total-documents", parameters={}
2024-07-25T12:38:11.775+05:30 DEBUG 18500 --- [Management System] [http-nio-8080-exec-4] s.w.s.m.m.a.RequestMappingHandlerMapping : Mapped to com.management.system.controller.AdminController#getTotalDocumentCount()
2024-07-25T12:38:11.783+05:30 DEBUG 18500 --- [Management System] [http-nio-8080-exec-2] m.m.a.RequestResponseBodyMethodProcessor : Using 'application/json', given [application/json, text/plain, */*] and supported [application/json, application/*+json]
2024-07-25T12:38:11.783+05:30 DEBUG 18500 --- [Management System] [http-nio-8080-exec-2] m.m.a.RequestResponseBodyMethodProcessor : Writing [3]
2024-07-25T12:38:11.784+05:30 DEBUG 18500 --- [Management System] [http-nio-8080-exec-4] m.m.a.RequestResponseBodyMethodProcessor : Using 'application/json', given [application/json, text/plain, */*] and supported [application/json, application/*+json]
2024-07-25T12:38:11.784+05:30 DEBUG 18500 --- [Management System] [http-nio-8080-exec-2] o.s.web.servlet.DispatcherServlet        : Completed 200 OK
2024-07-25T12:38:11.784+05:30 DEBUG 18500 --- [Management System] [http-nio-8080-exec-4] m.m.a.RequestResponseBodyMethodProcessor : Writing [2]
2024-07-25T12:38:11.786+05:30 DEBUG 18500 --- [Management System] [http-nio-8080-exec-4] o.s.web.servlet.DispatcherServlet        : Completed 200 OK
2024-07-25T12:39:38.384+05:30 DEBUG 18500 --- [Management System] [http-nio-8080-exec-8] o.s.web.servlet.DispatcherServlet        : GET "/daas/api/v1/employees/user?email=vigneshraj.jul11%40gmail.com", parameters={masked}
2024-07-25T12:39:38.385+05:30 DEBUG 18500 --- [Management System] [http-nio-8080-exec-8] s.w.s.m.m.a.RequestMappingHandlerMapping : Mapped to com.management.system.controller.EmployeeController#getUserByEmail(String)
2024-07-25T12:39:38.391+05:30 DEBUG 18500 --- [Management System] [http-nio-8080-exec-8] o.s.w.s.m.m.a.HttpEntityMethodProcessor  : Using 'application/json', given [application/json, text/plain, */*] and supported [application/json, application/*+json]
2024-07-25T12:39:38.391+05:30 DEBUG 18500 --- [Management System] [http-nio-8080-exec-8] o.s.w.s.m.m.a.HttpEntityMethodProcessor  : Writing [com.management.system.entity.EmployeeEntity@5b13d1a1]
2024-07-25T12:39:38.393+05:30 DEBUG 18500 --- [Management System] [http-nio-8080-exec-8] o.s.web.servlet.DispatcherServlet        : Completed 200 OK
2024-07-25T12:39:38.714+05:30 DEBUG 18500 --- [Management System] [http-nio-8080-exec-7] o.s.web.servlet.DispatcherServlet        : GET "/daas/api/v1/admin/total-employees", parameters={}
2024-07-25T12:39:38.715+05:30 DEBUG 18500 --- [Management System] [http-nio-8080-exec-7] s.w.s.m.m.a.RequestMappingHandlerMapping : Mapped to com.management.system.controller.AdminController#getTotalEmployeeCount()
2024-07-25T12:39:38.727+05:30 DEBUG 18500 --- [Management System] [http-nio-8080-exec-10] o.s.web.servlet.DispatcherServlet        : GET "/daas/api/v1/admin/total-employees", parameters={}
2024-07-25T12:39:38.728+05:30 DEBUG 18500 --- [Management System] [http-nio-8080-exec-10] s.w.s.m.m.a.RequestMappingHandlerMapping : Mapped to com.management.system.controller.AdminController#getTotalEmployeeCount()
2024-07-25T12:39:38.752+05:30 DEBUG 18500 --- [Management System] [http-nio-8080-exec-1] o.s.web.servlet.DispatcherServlet        : GET "/daas/api/v1/admin/total-documents", parameters={}
2024-07-25T12:39:38.753+05:30 DEBUG 18500 --- [Management System] [http-nio-8080-exec-1] s.w.s.m.m.a.RequestMappingHandlerMapping : Mapped to com.management.system.controller.AdminController#getTotalDocumentCount()
2024-07-25T12:39:38.758+05:30 DEBUG 18500 --- [Management System] [http-nio-8080-exec-3] o.s.web.servlet.DispatcherServlet        : GET "/daas/api/v1/admin/total-documents", parameters={}
2024-07-25T12:39:38.759+05:30 DEBUG 18500 --- [Management System] [http-nio-8080-exec-3] s.w.s.m.m.a.RequestMappingHandlerMapping : Mapped to com.management.system.controller.AdminController#getTotalDocumentCount()
2024-07-25T12:39:38.803+05:30 DEBUG 18500 --- [Management System] [http-nio-8080-exec-7] m.m.a.RequestResponseBodyMethodProcessor : Using 'application/json', given [application/json, text/plain, */*] and supported [application/json, application/*+json]
2024-07-25T12:39:38.803+05:30 DEBUG 18500 --- [Management System] [http-nio-8080-exec-7] m.m.a.RequestResponseBodyMethodProcessor : Writing [3]
2024-07-25T12:39:38.804+05:30 DEBUG 18500 --- [Management System] [http-nio-8080-exec-7] o.s.web.servlet.DispatcherServlet        : Completed 200 OK
2024-07-25T12:39:38.809+05:30 DEBUG 18500 --- [Management System] [http-nio-8080-exec-10] m.m.a.RequestResponseBodyMethodProcessor : Using 'application/json', given [application/json, text/plain, */*] and supported [application/json, application/*+json]
2024-07-25T12:39:38.810+05:30 DEBUG 18500 --- [Management System] [http-nio-8080-exec-10] m.m.a.RequestResponseBodyMethodProcessor : Writing [3]
2024-07-25T12:39:38.811+05:30 DEBUG 18500 --- [Management System] [http-nio-8080-exec-10] o.s.web.servlet.DispatcherServlet        : Completed 200 OK
2024-07-25T12:39:38.814+05:30 DEBUG 18500 --- [Management System] [http-nio-8080-exec-1] m.m.a.RequestResponseBodyMethodProcessor : Using 'application/json', given [application/json, text/plain, */*] and supported [application/json, application/*+json]
2024-07-25T12:39:38.814+05:30 DEBUG 18500 --- [Management System] [http-nio-8080-exec-1] m.m.a.RequestResponseBodyMethodProcessor : Writing [2]
2024-07-25T12:39:38.815+05:30 DEBUG 18500 --- [Management System] [http-nio-8080-exec-1] o.s.web.servlet.DispatcherServlet        : Completed 200 OK
2024-07-25T12:39:38.863+05:30 DEBUG 18500 --- [Management System] [http-nio-8080-exec-3] m.m.a.RequestResponseBodyMethodProcessor : Using 'application/json', given [application/json, text/plain, */*] and supported [application/json, application/*+json]
2024-07-25T12:39:38.863+05:30 DEBUG 18500 --- [Management System] [http-nio-8080-exec-3] m.m.a.RequestResponseBodyMethodProcessor : Writing [2]
2024-07-25T12:39:38.864+05:30 DEBUG 18500 --- [Management System] [http-nio-8080-exec-3] o.s.web.servlet.DispatcherServlet        : Completed 200 OK
2024-07-25T12:39:41.851+05:30 DEBUG 18500 --- [Management System] [http-nio-8080-exec-7] o.s.web.servlet.DispatcherServlet        : GET "/daas/api/v1/employees/all-excluding-current?currentUserEmail=vigneshraj.jul11%40gmail.com", parameters={masked}
2024-07-25T12:39:41.852+05:30 DEBUG 18500 --- [Management System] [http-nio-8080-exec-7] s.w.s.m.m.a.RequestMappingHandlerMapping : Mapped to com.management.system.controller.EmployeeController#getAllUsersExcludingCurrent(String)
2024-07-25T12:39:41.856+05:30 DEBUG 18500 --- [Management System] [http-nio-8080-exec-4] o.s.web.servlet.DispatcherServlet        : GET "/daas/api/v1/employees/all-excluding-current?currentUserEmail=vigneshraj.jul11%40gmail.com", parameters={masked}
2024-07-25T12:39:41.857+05:30 DEBUG 18500 --- [Management System] [http-nio-8080-exec-4] s.w.s.m.m.a.RequestMappingHandlerMapping : Mapped to com.management.system.controller.EmployeeController#getAllUsersExcludingCurrent(String)
2024-07-25T12:39:41.861+05:30 DEBUG 18500 --- [Management System] [http-nio-8080-exec-7] o.s.w.s.m.m.a.HttpEntityMethodProcessor  : Using 'application/json', given [*/*] and supported [application/json, application/*+json]
2024-07-25T12:39:41.861+05:30 DEBUG 18500 --- [Management System] [http-nio-8080-exec-7] o.s.w.s.m.m.a.HttpEntityMethodProcessor  : Writing [[com.management.system.entity.EmployeeEntity@731b4b8]]
2024-07-25T12:39:41.862+05:30 DEBUG 18500 --- [Management System] [http-nio-8080-exec-7] o.s.web.servlet.DispatcherServlet        : Completed 200 OK
2024-07-25T12:39:41.863+05:30 DEBUG 18500 --- [Management System] [http-nio-8080-exec-4] o.s.w.s.m.m.a.HttpEntityMethodProcessor  : Using 'application/json', given [*/*] and supported [application/json, application/*+json]
2024-07-25T12:39:41.864+05:30 DEBUG 18500 --- [Management System] [http-nio-8080-exec-4] o.s.w.s.m.m.a.HttpEntityMethodProcessor  : Writing [[com.management.system.entity.EmployeeEntity@42f3e824]]
2024-07-25T12:39:41.865+05:30 DEBUG 18500 --- [Management System] [http-nio-8080-exec-4] o.s.web.servlet.DispatcherServlet        : Completed 200 OK
2024-07-25T12:39:43.015+05:30 DEBUG 18500 --- [Management System] [http-nio-8080-exec-3] o.s.web.servlet.DispatcherServlet        : GET "/daas/api/v1/document/getDocument?userId=5", parameters={masked}
2024-07-25T12:39:43.016+05:30 DEBUG 18500 --- [Management System] [http-nio-8080-exec-3] s.w.s.m.m.a.RequestMappingHandlerMapping : Mapped to com.management.system.controller.DocumentController#getDocuments(Integer)
2024-07-25T12:39:43.090+05:30 DEBUG 18500 --- [Management System] [http-nio-8080-exec-3] o.s.w.s.m.m.a.HttpEntityMethodProcessor  : Using 'application/json', given [application/json, text/plain, */*] and supported [application/json, application/*+json]
2024-07-25T12:39:43.091+05:30 DEBUG 18500 --- [Management System] [http-nio-8080-exec-3] o.s.w.s.m.m.a.HttpEntityMethodProcessor  : Writing [[com.management.system.entity.DocumentEnity@5eaef7f5, com.management.system.entity.DocumentEnity@56a (truncated)...]
2024-07-25T12:39:43.112+05:30 DEBUG 18500 --- [Management System] [http-nio-8080-exec-5] o.s.web.servlet.DispatcherServlet        : GET "/daas/api/v1/document/getDocument?userId=5", parameters={masked}
2024-07-25T12:39:43.112+05:30 DEBUG 18500 --- [Management System] [http-nio-8080-exec-5] s.w.s.m.m.a.RequestMappingHandlerMapping : Mapped to com.management.system.controller.DocumentController#getDocuments(Integer)
2024-07-25T12:39:43.131+05:30 DEBUG 18500 --- [Management System] [http-nio-8080-exec-3] o.s.web.servlet.DispatcherServlet        : Completed 200 OK
2024-07-25T12:39:43.147+05:30 DEBUG 18500 --- [Management System] [http-nio-8080-exec-5] o.s.w.s.m.m.a.HttpEntityMethodProcessor  : Using 'application/json', given [application/json, text/plain, */*] and supported [application/json, application/*+json]
2024-07-25T12:39:43.148+05:30 DEBUG 18500 --- [Management System] [http-nio-8080-exec-5] o.s.w.s.m.m.a.HttpEntityMethodProcessor  : Writing [[com.management.system.entity.DocumentEnity@5fc46f9e, com.management.system.entity.DocumentEnity@3f3 (truncated)...]
2024-07-25T12:39:43.159+05:30 DEBUG 18500 --- [Management System] [http-nio-8080-exec-5] o.s.web.servlet.DispatcherServlet        : Completed 200 OK
2024-07-25T12:39:56.349+05:30 DEBUG 18500 --- [Management System] [http-nio-8080-exec-9] o.s.web.servlet.DispatcherServlet        : GET "/daas/api/v1/admin/total-documents", parameters={}
2024-07-25T12:39:56.349+05:30 DEBUG 18500 --- [Management System] [http-nio-8080-exec-9] s.w.s.m.m.a.RequestMappingHandlerMapping : Mapped to com.management.system.controller.AdminController#getTotalDocumentCount()
2024-07-25T12:39:56.353+05:30 DEBUG 18500 --- [Management System] [http-nio-8080-exec-2] o.s.web.servlet.DispatcherServlet        : GET "/daas/api/v1/admin/total-employees", parameters={}
2024-07-25T12:39:56.353+05:30 DEBUG 18500 --- [Management System] [http-nio-8080-exec-2] s.w.s.m.m.a.RequestMappingHandlerMapping : Mapped to com.management.system.controller.AdminController#getTotalEmployeeCount()
2024-07-25T12:39:56.364+05:30 DEBUG 18500 --- [Management System] [http-nio-8080-exec-7] o.s.web.servlet.DispatcherServlet        : GET "/daas/api/v1/admin/total-documents", parameters={}
2024-07-25T12:39:56.365+05:30 DEBUG 18500 --- [Management System] [http-nio-8080-exec-7] s.w.s.m.m.a.RequestMappingHandlerMapping : Mapped to com.management.system.controller.AdminController#getTotalDocumentCount()
2024-07-25T12:39:56.378+05:30 DEBUG 18500 --- [Management System] [http-nio-8080-exec-4] o.s.web.servlet.DispatcherServlet        : GET "/daas/api/v1/admin/total-employees", parameters={}
2024-07-25T12:39:56.379+05:30 DEBUG 18500 --- [Management System] [http-nio-8080-exec-4] s.w.s.m.m.a.RequestMappingHandlerMapping : Mapped to com.management.system.controller.AdminController#getTotalEmployeeCount()
2024-07-25T12:39:56.396+05:30 DEBUG 18500 --- [Management System] [http-nio-8080-exec-7] m.m.a.RequestResponseBodyMethodProcessor : Using 'application/json', given [application/json, text/plain, */*] and supported [application/json, application/*+json]
2024-07-25T12:39:56.397+05:30 DEBUG 18500 --- [Management System] [http-nio-8080-exec-7] m.m.a.RequestResponseBodyMethodProcessor : Writing [2]
2024-07-25T12:39:56.398+05:30 DEBUG 18500 --- [Management System] [http-nio-8080-exec-2] m.m.a.RequestResponseBodyMethodProcessor : Using 'application/json', given [application/json, text/plain, */*] and supported [application/json, application/*+json]
2024-07-25T12:39:56.398+05:30 DEBUG 18500 --- [Management System] [http-nio-8080-exec-7] o.s.web.servlet.DispatcherServlet        : Completed 200 OK
2024-07-25T12:39:56.398+05:30 DEBUG 18500 --- [Management System] [http-nio-8080-exec-2] m.m.a.RequestResponseBodyMethodProcessor : Writing [3]
2024-07-25T12:39:56.399+05:30 DEBUG 18500 --- [Management System] [http-nio-8080-exec-2] o.s.web.servlet.DispatcherServlet        : Completed 200 OK
2024-07-25T12:39:56.403+05:30 DEBUG 18500 --- [Management System] [http-nio-8080-exec-9] m.m.a.RequestResponseBodyMethodProcessor : Using 'application/json', given [application/json, text/plain, */*] and supported [application/json, application/*+json]
2024-07-25T12:39:56.403+05:30 DEBUG 18500 --- [Management System] [http-nio-8080-exec-9] m.m.a.RequestResponseBodyMethodProcessor : Writing [2]
2024-07-25T12:39:56.404+05:30 DEBUG 18500 --- [Management System] [http-nio-8080-exec-9] o.s.web.servlet.DispatcherServlet        : Completed 200 OK
2024-07-25T12:39:56.406+05:30 DEBUG 18500 --- [Management System] [http-nio-8080-exec-4] m.m.a.RequestResponseBodyMethodProcessor : Using 'application/json', given [application/json, text/plain, */*] and supported [application/json, application/*+json]
2024-07-25T12:39:56.406+05:30 DEBUG 18500 --- [Management System] [http-nio-8080-exec-4] m.m.a.RequestResponseBodyMethodProcessor : Writing [3]
2024-07-25T12:39:56.408+05:30 DEBUG 18500 --- [Management System] [http-nio-8080-exec-4] o.s.web.servlet.DispatcherServlet        : Completed 200 OK
2024-07-25T12:41:22.365+05:30 DEBUG 18500 --- [Management System] [http-nio-8080-exec-8] o.s.web.servlet.DispatcherServlet        : GET "/daas/api/v1/admin/total-documents", parameters={}
2024-07-25T12:41:22.365+05:30 DEBUG 18500 --- [Management System] [http-nio-8080-exec-6] o.s.web.servlet.DispatcherServlet        : GET "/daas/api/v1/admin/total-employees", parameters={}
2024-07-25T12:41:22.365+05:30 DEBUG 18500 --- [Management System] [http-nio-8080-exec-8] s.w.s.m.m.a.RequestMappingHandlerMapping : Mapped to com.management.system.controller.AdminController#getTotalDocumentCount()
2024-07-25T12:41:22.365+05:30 DEBUG 18500 --- [Management System] [http-nio-8080-exec-6] s.w.s.m.m.a.RequestMappingHandlerMapping : Mapped to com.management.system.controller.AdminController#getTotalEmployeeCount()
2024-07-25T12:41:22.387+05:30 DEBUG 18500 --- [Management System] [http-nio-8080-exec-2] o.s.web.servlet.DispatcherServlet        : GET "/daas/api/v1/admin/total-employees", parameters={}
2024-07-25T12:41:22.388+05:30 DEBUG 18500 --- [Management System] [http-nio-8080-exec-2] s.w.s.m.m.a.RequestMappingHandlerMapping : Mapped to com.management.system.controller.AdminController#getTotalEmployeeCount()
2024-07-25T12:41:22.397+05:30 DEBUG 18500 --- [Management System] [http-nio-8080-exec-7] o.s.web.servlet.DispatcherServlet        : GET "/daas/api/v1/admin/total-documents", parameters={}
2024-07-25T12:41:22.398+05:30 DEBUG 18500 --- [Management System] [http-nio-8080-exec-7] s.w.s.m.m.a.RequestMappingHandlerMapping : Mapped to com.management.system.controller.AdminController#getTotalDocumentCount()
2024-07-25T12:41:22.450+05:30 DEBUG 18500 --- [Management System] [http-nio-8080-exec-8] m.m.a.RequestResponseBodyMethodProcessor : Using 'application/json', given [application/json, text/plain, */*] and supported [application/json, application/*+json]
2024-07-25T12:41:22.451+05:30 DEBUG 18500 --- [Management System] [http-nio-8080-exec-8] m.m.a.RequestResponseBodyMethodProcessor : Writing [2]
2024-07-25T12:41:22.453+05:30 DEBUG 18500 --- [Management System] [http-nio-8080-exec-8] o.s.web.servlet.DispatcherServlet        : Completed 200 OK
2024-07-25T12:41:22.472+05:30 DEBUG 18500 --- [Management System] [http-nio-8080-exec-6] m.m.a.RequestResponseBodyMethodProcessor : Using 'application/json', given [application/json, text/plain, */*] and supported [application/json, application/*+json]
2024-07-25T12:41:22.473+05:30 DEBUG 18500 --- [Management System] [http-nio-8080-exec-7] m.m.a.RequestResponseBodyMethodProcessor : Using 'application/json', given [application/json, text/plain, */*] and supported [application/json, application/*+json]
2024-07-25T12:41:22.473+05:30 DEBUG 18500 --- [Management System] [http-nio-8080-exec-6] m.m.a.RequestResponseBodyMethodProcessor : Writing [3]
2024-07-25T12:41:22.473+05:30 DEBUG 18500 --- [Management System] [http-nio-8080-exec-7] m.m.a.RequestResponseBodyMethodProcessor : Writing [2]
2024-07-25T12:41:22.474+05:30 DEBUG 18500 --- [Management System] [http-nio-8080-exec-6] o.s.web.servlet.DispatcherServlet        : Completed 200 OK
2024-07-25T12:41:22.475+05:30 DEBUG 18500 --- [Management System] [http-nio-8080-exec-7] o.s.web.servlet.DispatcherServlet        : Completed 200 OK
2024-07-25T12:41:22.539+05:30 DEBUG 18500 --- [Management System] [http-nio-8080-exec-2] m.m.a.RequestResponseBodyMethodProcessor : Using 'application/json', given [application/json, text/plain, */*] and supported [application/json, application/*+json]
2024-07-25T12:41:22.540+05:30 DEBUG 18500 --- [Management System] [http-nio-8080-exec-2] m.m.a.RequestResponseBodyMethodProcessor : Writing [3]
2024-07-25T12:41:22.936+05:30 DEBUG 18500 --- [Management System] [http-nio-8080-exec-2] o.s.web.servlet.DispatcherServlet        : Completed 200 OK
2024-07-25T12:41:27.282+05:30 DEBUG 18500 --- [Management System] [http-nio-8080-exec-10] o.s.web.servlet.DispatcherServlet        : GET "/daas/api/v1/admin/total-documents", parameters={}
2024-07-25T12:41:27.283+05:30 DEBUG 18500 --- [Management System] [http-nio-8080-exec-10] s.w.s.m.m.a.RequestMappingHandlerMapping : Mapped to com.management.system.controller.AdminController#getTotalDocumentCount()
2024-07-25T12:41:27.287+05:30 DEBUG 18500 --- [Management System] [http-nio-8080-exec-1] o.s.web.servlet.DispatcherServlet        : GET "/daas/api/v1/admin/total-employees", parameters={}
2024-07-25T12:41:27.288+05:30 DEBUG 18500 --- [Management System] [http-nio-8080-exec-1] s.w.s.m.m.a.RequestMappingHandlerMapping : Mapped to com.management.system.controller.AdminController#getTotalEmployeeCount()
2024-07-25T12:41:27.443+05:30 DEBUG 18500 --- [Management System] [http-nio-8080-exec-8] o.s.web.servlet.DispatcherServlet        : GET "/daas/api/v1/admin/total-documents", parameters={}
2024-07-25T12:41:27.443+05:30 DEBUG 18500 --- [Management System] [http-nio-8080-exec-8] s.w.s.m.m.a.RequestMappingHandlerMapping : Mapped to com.management.system.controller.AdminController#getTotalDocumentCount()
2024-07-25T12:41:27.468+05:30 DEBUG 18500 --- [Management System] [http-nio-8080-exec-6] o.s.web.servlet.DispatcherServlet        : GET "/daas/api/v1/admin/total-employees", parameters={}
2024-07-25T12:41:27.468+05:30 DEBUG 18500 --- [Management System] [http-nio-8080-exec-6] s.w.s.m.m.a.RequestMappingHandlerMapping : Mapped to com.management.system.controller.AdminController#getTotalEmployeeCount()
2024-07-25T12:41:27.858+05:30 DEBUG 18500 --- [Management System] [http-nio-8080-exec-10] m.m.a.RequestResponseBodyMethodProcessor : Using 'application/json', given [application/json, text/plain, */*] and supported [application/json, application/*+json]
2024-07-25T12:41:27.858+05:30 DEBUG 18500 --- [Management System] [http-nio-8080-exec-10] m.m.a.RequestResponseBodyMethodProcessor : Writing [2]
2024-07-25T12:41:27.858+05:30 DEBUG 18500 --- [Management System] [http-nio-8080-exec-10] o.s.web.servlet.DispatcherServlet        : Completed 200 OK
2024-07-25T12:41:27.866+05:30 DEBUG 18500 --- [Management System] [http-nio-8080-exec-1] m.m.a.RequestResponseBodyMethodProcessor : Using 'application/json', given [application/json, text/plain, */*] and supported [application/json, application/*+json]
2024-07-25T12:41:27.867+05:30 DEBUG 18500 --- [Management System] [http-nio-8080-exec-1] m.m.a.RequestResponseBodyMethodProcessor : Writing [3]
2024-07-25T12:41:27.868+05:30 DEBUG 18500 --- [Management System] [http-nio-8080-exec-1] o.s.web.servlet.DispatcherServlet        : Completed 200 OK
2024-07-25T12:41:27.870+05:30 DEBUG 18500 --- [Management System] [http-nio-8080-exec-8] m.m.a.RequestResponseBodyMethodProcessor : Using 'application/json', given [application/json, text/plain, */*] and supported [application/json, application/*+json]
2024-07-25T12:41:27.871+05:30 DEBUG 18500 --- [Management System] [http-nio-8080-exec-8] m.m.a.RequestResponseBodyMethodProcessor : Writing [2]
2024-07-25T12:41:27.872+05:30 DEBUG 18500 --- [Management System] [http-nio-8080-exec-8] o.s.web.servlet.DispatcherServlet        : Completed 200 OK
2024-07-25T12:41:27.873+05:30 DEBUG 18500 --- [Management System] [http-nio-8080-exec-6] m.m.a.RequestResponseBodyMethodProcessor : Using 'application/json', given [application/json, text/plain, */*] and supported [application/json, application/*+json]
2024-07-25T12:41:27.873+05:30 DEBUG 18500 --- [Management System] [http-nio-8080-exec-6] m.m.a.RequestResponseBodyMethodProcessor : Writing [3]
2024-07-25T12:41:27.874+05:30 DEBUG 18500 --- [Management System] [http-nio-8080-exec-6] o.s.web.servlet.DispatcherServlet        : Completed 200 OK
2024-07-25T12:44:44.100+05:30 DEBUG 18500 --- [Management System] [http-nio-8080-exec-5] o.s.web.servlet.DispatcherServlet        : POST "/daas/api/v1/auth/login", parameters={}
2024-07-25T12:44:44.101+05:30 DEBUG 18500 --- [Management System] [http-nio-8080-exec-5] s.w.s.m.m.a.RequestMappingHandlerMapping : Mapped to com.management.system.controller.AuthenticationController#login(Login)
2024-07-25T12:44:44.102+05:30 DEBUG 18500 --- [Management System] [http-nio-8080-exec-5] m.m.a.RequestResponseBodyMethodProcessor : Read "application/json;charset=UTF-8" to [com.management.system.dto.Login@2b4d117d]
2024-07-25T12:44:44.231+05:30 DEBUG 18500 --- [Management System] [http-nio-8080-exec-5] o.s.w.s.m.m.a.HttpEntityMethodProcessor  : Using 'application/json', given [application/json, text/plain, */*] and supported [application/json, application/*+json]
2024-07-25T12:44:44.232+05:30 DEBUG 18500 --- [Management System] [http-nio-8080-exec-5] o.s.w.s.m.m.a.HttpEntityMethodProcessor  : Writing [com.management.system.dto.JwtAuthenticationResponse@4e84b4cc]
2024-07-25T12:44:44.232+05:30 DEBUG 18500 --- [Management System] [http-nio-8080-exec-5] o.s.web.servlet.DispatcherServlet        : Completed 200 OK
2024-07-25T12:44:44.254+05:30 DEBUG 18500 --- [Management System] [http-nio-8080-exec-10] o.s.web.servlet.DispatcherServlet        : GET "/daas/api/v1/employees/user?email=vigneshraj.jul11%40gmail.com", parameters={masked}
2024-07-25T12:44:44.255+05:30 DEBUG 18500 --- [Management System] [http-nio-8080-exec-10] s.w.s.m.m.a.RequestMappingHandlerMapping : Mapped to com.management.system.controller.EmployeeController#getUserByEmail(String)
2024-07-25T12:44:44.259+05:30 DEBUG 18500 --- [Management System] [http-nio-8080-exec-10] o.s.w.s.m.m.a.HttpEntityMethodProcessor  : Using 'application/json', given [application/json, text/plain, */*] and supported [application/json, application/*+json]
2024-07-25T12:44:44.260+05:30 DEBUG 18500 --- [Management System] [http-nio-8080-exec-10] o.s.w.s.m.m.a.HttpEntityMethodProcessor  : Writing [com.management.system.entity.EmployeeEntity@63ff47c4]
2024-07-25T12:44:44.261+05:30 DEBUG 18500 --- [Management System] [http-nio-8080-exec-10] o.s.web.servlet.DispatcherServlet        : Completed 200 OK
2024-07-25T12:44:44.513+05:30 DEBUG 18500 --- [Management System] [http-nio-8080-exec-1] o.s.web.servlet.DispatcherServlet        : GET "/daas/api/v1/admin/total-documents", parameters={}
2024-07-25T12:44:44.513+05:30 DEBUG 18500 --- [Management System] [http-nio-8080-exec-1] s.w.s.m.m.a.RequestMappingHandlerMapping : Mapped to com.management.system.controller.AdminController#getTotalDocumentCount()
2024-07-25T12:44:44.515+05:30 DEBUG 18500 --- [Management System] [http-nio-8080-exec-8] o.s.web.servlet.DispatcherServlet        : GET "/daas/api/v1/admin/total-employees", parameters={}
2024-07-25T12:44:44.516+05:30 DEBUG 18500 --- [Management System] [http-nio-8080-exec-8] s.w.s.m.m.a.RequestMappingHandlerMapping : Mapped to com.management.system.controller.AdminController#getTotalEmployeeCount()
2024-07-25T12:44:44.530+05:30 DEBUG 18500 --- [Management System] [http-nio-8080-exec-4] o.s.web.servlet.DispatcherServlet        : GET "/daas/api/v1/admin/total-employees", parameters={}
2024-07-25T12:44:44.530+05:30 DEBUG 18500 --- [Management System] [http-nio-8080-exec-4] s.w.s.m.m.a.RequestMappingHandlerMapping : Mapped to com.management.system.controller.AdminController#getTotalEmployeeCount()
2024-07-25T12:44:44.531+05:30 DEBUG 18500 --- [Management System] [http-nio-8080-exec-6] o.s.web.servlet.DispatcherServlet        : GET "/daas/api/v1/admin/total-documents", parameters={}
2024-07-25T12:44:44.531+05:30 DEBUG 18500 --- [Management System] [http-nio-8080-exec-6] s.w.s.m.m.a.RequestMappingHandlerMapping : Mapped to com.management.system.controller.AdminController#getTotalDocumentCount()
2024-07-25T12:44:44.539+05:30 DEBUG 18500 --- [Management System] [http-nio-8080-exec-4] m.m.a.RequestResponseBodyMethodProcessor : Using 'application/json', given [application/json, text/plain, */*] and supported [application/json, application/*+json]
2024-07-25T12:44:44.539+05:30 DEBUG 18500 --- [Management System] [http-nio-8080-exec-4] m.m.a.RequestResponseBodyMethodProcessor : Writing [3]
2024-07-25T12:44:44.540+05:30 DEBUG 18500 --- [Management System] [http-nio-8080-exec-4] o.s.web.servlet.DispatcherServlet        : Completed 200 OK
2024-07-25T12:44:44.545+05:30 DEBUG 18500 --- [Management System] [http-nio-8080-exec-6] m.m.a.RequestResponseBodyMethodProcessor : Using 'application/json', given [application/json, text/plain, */*] and supported [application/json, application/*+json]
2024-07-25T12:44:44.545+05:30 DEBUG 18500 --- [Management System] [http-nio-8080-exec-6] m.m.a.RequestResponseBodyMethodProcessor : Writing [2]
2024-07-25T12:44:44.545+05:30 DEBUG 18500 --- [Management System] [http-nio-8080-exec-6] o.s.web.servlet.DispatcherServlet        : Completed 200 OK
2024-07-25T12:44:44.552+05:30 DEBUG 18500 --- [Management System] [http-nio-8080-exec-1] m.m.a.RequestResponseBodyMethodProcessor : Using 'application/json', given [application/json, text/plain, */*] and supported [application/json, application/*+json]
2024-07-25T12:44:44.552+05:30 DEBUG 18500 --- [Management System] [http-nio-8080-exec-1] m.m.a.RequestResponseBodyMethodProcessor : Writing [2]
2024-07-25T12:44:44.552+05:30 DEBUG 18500 --- [Management System] [http-nio-8080-exec-8] m.m.a.RequestResponseBodyMethodProcessor : Using 'application/json', given [application/json, text/plain, */*] and supported [application/json, application/*+json]
2024-07-25T12:44:44.552+05:30 DEBUG 18500 --- [Management System] [http-nio-8080-exec-8] m.m.a.RequestResponseBodyMethodProcessor : Writing [3]
2024-07-25T12:44:44.552+05:30 DEBUG 18500 --- [Management System] [http-nio-8080-exec-1] o.s.web.servlet.DispatcherServlet        : Completed 200 OK
2024-07-25T12:44:44.553+05:30 DEBUG 18500 --- [Management System] [http-nio-8080-exec-8] o.s.web.servlet.DispatcherServlet        : Completed 200 OK
2024-07-25T12:45:31.868+05:30 DEBUG 18500 --- [Management System] [http-nio-8080-exec-9] o.s.web.servlet.DispatcherServlet        : POST "/daas/api/v1/auth/login", parameters={}
2024-07-25T12:45:31.868+05:30 DEBUG 18500 --- [Management System] [http-nio-8080-exec-9] s.w.s.m.m.a.RequestMappingHandlerMapping : Mapped to com.management.system.controller.AuthenticationController#login(Login)
2024-07-25T12:45:31.871+05:30 DEBUG 18500 --- [Management System] [http-nio-8080-exec-9] m.m.a.RequestResponseBodyMethodProcessor : Read "application/json;charset=UTF-8" to [com.management.system.dto.Login@43415833]
2024-07-25T12:45:32.019+05:30 DEBUG 18500 --- [Management System] [http-nio-8080-exec-9] o.s.w.s.m.m.a.HttpEntityMethodProcessor  : Using 'application/json', given [application/json, text/plain, */*] and supported [application/json, application/*+json]
2024-07-25T12:45:32.019+05:30 DEBUG 18500 --- [Management System] [http-nio-8080-exec-9] o.s.w.s.m.m.a.HttpEntityMethodProcessor  : Writing [com.management.system.dto.JwtAuthenticationResponse@2b0a3c73]
2024-07-25T12:45:32.020+05:30 DEBUG 18500 --- [Management System] [http-nio-8080-exec-9] o.s.web.servlet.DispatcherServlet        : Completed 200 OK
2024-07-25T12:45:32.039+05:30 DEBUG 18500 --- [Management System] [http-nio-8080-exec-2] o.s.web.servlet.DispatcherServlet        : GET "/daas/api/v1/employees/user?email=vigneshraj.jul11%40gmail.com", parameters={masked}
2024-07-25T12:45:32.039+05:30 DEBUG 18500 --- [Management System] [http-nio-8080-exec-2] s.w.s.m.m.a.RequestMappingHandlerMapping : Mapped to com.management.system.controller.EmployeeController#getUserByEmail(String)
2024-07-25T12:45:32.043+05:30 DEBUG 18500 --- [Management System] [http-nio-8080-exec-2] o.s.w.s.m.m.a.HttpEntityMethodProcessor  : Using 'application/json', given [application/json, text/plain, */*] and supported [application/json, application/*+json]
2024-07-25T12:45:32.043+05:30 DEBUG 18500 --- [Management System] [http-nio-8080-exec-2] o.s.w.s.m.m.a.HttpEntityMethodProcessor  : Writing [com.management.system.entity.EmployeeEntity@9ddbcf8]
2024-07-25T12:45:32.044+05:30 DEBUG 18500 --- [Management System] [http-nio-8080-exec-2] o.s.web.servlet.DispatcherServlet        : Completed 200 OK
2024-07-25T12:45:32.291+05:30 DEBUG 18500 --- [Management System] [http-nio-8080-exec-3] o.s.web.servlet.DispatcherServlet        : GET "/daas/api/v1/admin/total-employees", parameters={}
2024-07-25T12:45:32.292+05:30 DEBUG 18500 --- [Management System] [http-nio-8080-exec-3] s.w.s.m.m.a.RequestMappingHandlerMapping : Mapped to com.management.system.controller.AdminController#getTotalEmployeeCount()
2024-07-25T12:45:32.293+05:30 DEBUG 18500 --- [Management System] [http-nio-8080-exec-5] o.s.web.servlet.DispatcherServlet        : GET "/daas/api/v1/admin/total-documents", parameters={}
2024-07-25T12:45:32.296+05:30 DEBUG 18500 --- [Management System] [http-nio-8080-exec-5] s.w.s.m.m.a.RequestMappingHandlerMapping : Mapped to com.management.system.controller.AdminController#getTotalDocumentCount()
2024-07-25T12:45:32.307+05:30 DEBUG 18500 --- [Management System] [http-nio-8080-exec-7] o.s.web.servlet.DispatcherServlet        : GET "/daas/api/v1/admin/total-documents", parameters={}
2024-07-25T12:45:32.308+05:30 DEBUG 18500 --- [Management System] [http-nio-8080-exec-7] s.w.s.m.m.a.RequestMappingHandlerMapping : Mapped to com.management.system.controller.AdminController#getTotalDocumentCount()
2024-07-25T12:45:32.308+05:30 DEBUG 18500 --- [Management System] [http-nio-8080-exec-10] o.s.web.servlet.DispatcherServlet        : GET "/daas/api/v1/admin/total-employees", parameters={}
2024-07-25T12:45:32.308+05:30 DEBUG 18500 --- [Management System] [http-nio-8080-exec-10] s.w.s.m.m.a.RequestMappingHandlerMapping : Mapped to com.management.system.controller.AdminController#getTotalEmployeeCount()
2024-07-25T12:45:32.317+05:30 DEBUG 18500 --- [Management System] [http-nio-8080-exec-5] m.m.a.RequestResponseBodyMethodProcessor : Using 'application/json', given [application/json, text/plain, */*] and supported [application/json, application/*+json]
2024-07-25T12:45:32.317+05:30 DEBUG 18500 --- [Management System] [http-nio-8080-exec-5] m.m.a.RequestResponseBodyMethodProcessor : Writing [2]
2024-07-25T12:45:32.318+05:30 DEBUG 18500 --- [Management System] [http-nio-8080-exec-5] o.s.web.servlet.DispatcherServlet        : Completed 200 OK
2024-07-25T12:45:32.318+05:30 DEBUG 18500 --- [Management System] [http-nio-8080-exec-3] m.m.a.RequestResponseBodyMethodProcessor : Using 'application/json', given [application/json, text/plain, */*] and supported [application/json, application/*+json]
2024-07-25T12:45:32.319+05:30 DEBUG 18500 --- [Management System] [http-nio-8080-exec-3] m.m.a.RequestResponseBodyMethodProcessor : Writing [3]
2024-07-25T12:45:32.319+05:30 DEBUG 18500 --- [Management System] [http-nio-8080-exec-3] o.s.web.servlet.DispatcherServlet        : Completed 200 OK
2024-07-25T12:45:32.323+05:30 DEBUG 18500 --- [Management System] [http-nio-8080-exec-7] m.m.a.RequestResponseBodyMethodProcessor : Using 'application/json', given [application/json, text/plain, */*] and supported [application/json, application/*+json]
2024-07-25T12:45:32.324+05:30 DEBUG 18500 --- [Management System] [http-nio-8080-exec-7] m.m.a.RequestResponseBodyMethodProcessor : Writing [2]
2024-07-25T12:45:32.324+05:30 DEBUG 18500 --- [Management System] [http-nio-8080-exec-7] o.s.web.servlet.DispatcherServlet        : Completed 200 OK
2024-07-25T12:45:32.454+05:30 DEBUG 18500 --- [Management System] [http-nio-8080-exec-10] m.m.a.RequestResponseBodyMethodProcessor : Using 'application/json', given [application/json, text/plain, */*] and supported [application/json, application/*+json]
2024-07-25T12:45:32.454+05:30 DEBUG 18500 --- [Management System] [http-nio-8080-exec-10] m.m.a.RequestResponseBodyMethodProcessor : Writing [3]
2024-07-25T12:45:32.455+05:30 DEBUG 18500 --- [Management System] [http-nio-8080-exec-10] o.s.web.servlet.DispatcherServlet        : Completed 200 OK
2024-07-25T12:45:59.546+05:30 DEBUG 18500 --- [Management System] [http-nio-8080-exec-9] o.s.web.servlet.DispatcherServlet        : GET "/daas/api/v1/employees/all-excluding-current?currentUserEmail=vigneshraj.jul11%40gmail.com", parameters={masked}
2024-07-25T12:45:59.547+05:30 DEBUG 18500 --- [Management System] [http-nio-8080-exec-9] s.w.s.m.m.a.RequestMappingHandlerMapping : Mapped to com.management.system.controller.EmployeeController#getAllUsersExcludingCurrent(String)
2024-07-25T12:45:59.552+05:30 DEBUG 18500 --- [Management System] [http-nio-8080-exec-9] o.s.w.s.m.m.a.HttpEntityMethodProcessor  : Using 'application/json', given [*/*] and supported [application/json, application/*+json]
2024-07-25T12:45:59.552+05:30 DEBUG 18500 --- [Management System] [http-nio-8080-exec-9] o.s.w.s.m.m.a.HttpEntityMethodProcessor  : Writing [[com.management.system.entity.EmployeeEntity@2d2c4795]]
2024-07-25T12:45:59.554+05:30 DEBUG 18500 --- [Management System] [http-nio-8080-exec-9] o.s.web.servlet.DispatcherServlet        : Completed 200 OK
2024-07-25T12:45:59.564+05:30 DEBUG 18500 --- [Management System] [http-nio-8080-exec-2] o.s.web.servlet.DispatcherServlet        : GET "/daas/api/v1/employees/all-excluding-current?currentUserEmail=vigneshraj.jul11%40gmail.com", parameters={masked}
2024-07-25T12:45:59.564+05:30 DEBUG 18500 --- [Management System] [http-nio-8080-exec-2] s.w.s.m.m.a.RequestMappingHandlerMapping : Mapped to com.management.system.controller.EmployeeController#getAllUsersExcludingCurrent(String)
2024-07-25T12:45:59.572+05:30 DEBUG 18500 --- [Management System] [http-nio-8080-exec-2] o.s.w.s.m.m.a.HttpEntityMethodProcessor  : Using 'application/json', given [*/*] and supported [application/json, application/*+json]
2024-07-25T12:45:59.572+05:30 DEBUG 18500 --- [Management System] [http-nio-8080-exec-2] o.s.w.s.m.m.a.HttpEntityMethodProcessor  : Writing [[com.management.system.entity.EmployeeEntity@36e6e0db]]
2024-07-25T12:45:59.573+05:30 DEBUG 18500 --- [Management System] [http-nio-8080-exec-2] o.s.web.servlet.DispatcherServlet        : Completed 200 OK
2024-07-25T12:46:07.977+05:30 DEBUG 18500 --- [Management System] [http-nio-8080-exec-5] o.s.web.servlet.DispatcherServlet        : GET "/daas/api/v1/document/getDocument?userId=5", parameters={masked}
2024-07-25T12:46:07.977+05:30 DEBUG 18500 --- [Management System] [http-nio-8080-exec-5] s.w.s.m.m.a.RequestMappingHandlerMapping : Mapped to com.management.system.controller.DocumentController#getDocuments(Integer)
2024-07-25T12:46:07.986+05:30 DEBUG 18500 --- [Management System] [http-nio-8080-exec-3] o.s.web.servlet.DispatcherServlet        : GET "/daas/api/v1/document/getDocument?userId=5", parameters={masked}
2024-07-25T12:46:07.986+05:30 DEBUG 18500 --- [Management System] [http-nio-8080-exec-3] s.w.s.m.m.a.RequestMappingHandlerMapping : Mapped to com.management.system.controller.DocumentController#getDocuments(Integer)
2024-07-25T12:46:08.030+05:30 DEBUG 18500 --- [Management System] [http-nio-8080-exec-5] o.s.w.s.m.m.a.HttpEntityMethodProcessor  : Using 'application/json', given [application/json, text/plain, */*] and supported [application/json, application/*+json]
2024-07-25T12:46:08.031+05:30 DEBUG 18500 --- [Management System] [http-nio-8080-exec-5] o.s.w.s.m.m.a.HttpEntityMethodProcessor  : Writing [[com.management.system.entity.DocumentEnity@38cb6c46, com.management.system.entity.DocumentEnity@1be (truncated)...]
2024-07-25T12:46:08.041+05:30 DEBUG 18500 --- [Management System] [http-nio-8080-exec-5] o.s.web.servlet.DispatcherServlet        : Completed 200 OK
2024-07-25T12:46:08.066+05:30 DEBUG 18500 --- [Management System] [http-nio-8080-exec-3] o.s.w.s.m.m.a.HttpEntityMethodProcessor  : Using 'application/json', given [application/json, text/plain, */*] and supported [application/json, application/*+json]
2024-07-25T12:46:08.066+05:30 DEBUG 18500 --- [Management System] [http-nio-8080-exec-3] o.s.w.s.m.m.a.HttpEntityMethodProcessor  : Writing [[com.management.system.entity.DocumentEnity@44ff8e9, com.management.system.entity.DocumentEnity@5a89 (truncated)...]
2024-07-25T12:46:08.080+05:30 DEBUG 18500 --- [Management System] [http-nio-8080-exec-3] o.s.web.servlet.DispatcherServlet        : Completed 200 OK
2024-07-25T12:56:55.873+05:30  INFO 18500 --- [Management System] [MessageBroker-2] o.s.w.s.c.WebSocketMessageBrokerStats    : WebSocketSession[0 current WS(0)-HttpStream(0)-HttpPoll(0), 0 total, 0 closed abnormally (0 connect failure, 0 send limit, 0 transport error)], stompSubProtocol[processed CONNECT(0)-CONNECTED(0)-DISCONNECT(0)], stompBrokerRelay[null], inboundChannel[pool size = 0, active threads = 0, queued tasks = 0, completed tasks = 0], outboundChannel[pool size = 0, active threads = 0, queued tasks = 0, completed tasks = 0], sockJsScheduler[pool size = 4, active threads = 1, queued tasks = 1, completed tasks = 124]
2024-07-25T13:26:55.890+05:30  INFO 18500 --- [Management System] [MessageBroker-1] o.s.w.s.c.WebSocketMessageBrokerStats    : WebSocketSession[0 current WS(0)-HttpStream(0)-HttpPoll(0), 0 total, 0 closed abnormally (0 connect failure, 0 send limit, 0 transport error)], stompSubProtocol[processed CONNECT(0)-CONNECTED(0)-DISCONNECT(0)], stompBrokerRelay[null], inboundChannel[pool size = 0, active threads = 0, queued tasks = 0, completed tasks = 0], outboundChannel[pool size = 0, active threads = 0, queued tasks = 0, completed tasks = 0], sockJsScheduler[pool size = 4, active threads = 1, queued tasks = 1, completed tasks = 185]
2024-07-25T13:56:55.898+05:30  INFO 18500 --- [Management System] [MessageBroker-3] o.s.w.s.c.WebSocketMessageBrokerStats    : WebSocketSession[0 current WS(0)-HttpStream(0)-HttpPoll(0), 0 total, 0 closed abnormally (0 connect failure, 0 send limit, 0 transport error)], stompSubProtocol[processed CONNECT(0)-CONNECTED(0)-DISCONNECT(0)], stompBrokerRelay[null], inboundChannel[pool size = 0, active threads = 0, queued tasks = 0, completed tasks = 0], outboundChannel[pool size = 0, active threads = 0, queued tasks = 0, completed tasks = 0], sockJsScheduler[pool size = 4, active threads = 1, queued tasks = 1, completed tasks = 246]
2024-07-25T14:26:55.904+05:30  INFO 18500 --- [Management System] [MessageBroker-2] o.s.w.s.c.WebSocketMessageBrokerStats    : WebSocketSession[0 current WS(0)-HttpStream(0)-HttpPoll(0), 0 total, 0 closed abnormally (0 connect failure, 0 send limit, 0 transport error)], stompSubProtocol[processed CONNECT(0)-CONNECTED(0)-DISCONNECT(0)], stompBrokerRelay[null], inboundChannel[pool size = 0, active threads = 0, queued tasks = 0, completed tasks = 0], outboundChannel[pool size = 0, active threads = 0, queued tasks = 0, completed tasks = 0], sockJsScheduler[pool size = 4, active threads = 1, queued tasks = 1, completed tasks = 307]
2024-07-25T14:56:55.915+05:30  INFO 18500 --- [Management System] [MessageBroker-2] o.s.w.s.c.WebSocketMessageBrokerStats    : WebSocketSession[0 current WS(0)-HttpStream(0)-HttpPoll(0), 0 total, 0 closed abnormally (0 connect failure, 0 send limit, 0 transport error)], stompSubProtocol[processed CONNECT(0)-CONNECTED(0)-DISCONNECT(0)], stompBrokerRelay[null], inboundChannel[pool size = 0, active threads = 0, queued tasks = 0, completed tasks = 0], outboundChannel[pool size = 0, active threads = 0, queued tasks = 0, completed tasks = 0], sockJsScheduler[pool size = 4, active threads = 1, queued tasks = 1, completed tasks = 368]
2024-07-25T15:26:55.921+05:30  INFO 18500 --- [Management System] [MessageBroker-2] o.s.w.s.c.WebSocketMessageBrokerStats    : WebSocketSession[0 current WS(0)-HttpStream(0)-HttpPoll(0), 0 total, 0 closed abnormally (0 connect failure, 0 send limit, 0 transport error)], stompSubProtocol[processed CONNECT(0)-CONNECTED(0)-DISCONNECT(0)], stompBrokerRelay[null], inboundChannel[pool size = 0, active threads = 0, queued tasks = 0, completed tasks = 0], outboundChannel[pool size = 0, active threads = 0, queued tasks = 0, completed tasks = 0], sockJsScheduler[pool size = 4, active threads = 1, queued tasks = 1, completed tasks = 429]
2024-07-25T15:56:55.931+05:30  INFO 18500 --- [Management System] [MessageBroker-2] o.s.w.s.c.WebSocketMessageBrokerStats    : WebSocketSession[0 current WS(0)-HttpStream(0)-HttpPoll(0), 0 total, 0 closed abnormally (0 connect failure, 0 send limit, 0 transport error)], stompSubProtocol[processed CONNECT(0)-CONNECTED(0)-DISCONNECT(0)], stompBrokerRelay[null], inboundChannel[pool size = 0, active threads = 0, queued tasks = 0, completed tasks = 0], outboundChannel[pool size = 0, active threads = 0, queued tasks = 0, completed tasks = 0], sockJsScheduler[pool size = 4, active threads = 1, queued tasks = 1, completed tasks = 490]
2024-07-25T16:26:55.940+05:30  INFO 18500 --- [Management System] [MessageBroker-1] o.s.w.s.c.WebSocketMessageBrokerStats    : WebSocketSession[0 current WS(0)-HttpStream(0)-HttpPoll(0), 0 total, 0 closed abnormally (0 connect failure, 0 send limit, 0 transport error)], stompSubProtocol[processed CONNECT(0)-CONNECTED(0)-DISCONNECT(0)], stompBrokerRelay[null], inboundChannel[pool size = 0, active threads = 0, queued tasks = 0, completed tasks = 0], outboundChannel[pool size = 0, active threads = 0, queued tasks = 0, completed tasks = 0], sockJsScheduler[pool size = 4, active threads = 1, queued tasks = 1, completed tasks = 551]
2024-07-25T16:56:55.949+05:30  INFO 18500 --- [Management System] [MessageBroker-3] o.s.w.s.c.WebSocketMessageBrokerStats    : WebSocketSession[0 current WS(0)-HttpStream(0)-HttpPoll(0), 0 total, 0 closed abnormally (0 connect failure, 0 send limit, 0 transport error)], stompSubProtocol[processed CONNECT(0)-CONNECTED(0)-DISCONNECT(0)], stompBrokerRelay[null], inboundChannel[pool size = 0, active threads = 0, queued tasks = 0, completed tasks = 0], outboundChannel[pool size = 0, active threads = 0, queued tasks = 0, completed tasks = 0], sockJsScheduler[pool size = 4, active threads = 1, queued tasks = 1, completed tasks = 612]
2024-07-25T17:26:55.959+05:30  INFO 18500 --- [Management System] [MessageBroker-1] o.s.w.s.c.WebSocketMessageBrokerStats    : WebSocketSession[0 current WS(0)-HttpStream(0)-HttpPoll(0), 0 total, 0 closed abnormally (0 connect failure, 0 send limit, 0 transport error)], stompSubProtocol[processed CONNECT(0)-CONNECTED(0)-DISCONNECT(0)], stompBrokerRelay[null], inboundChannel[pool size = 0, active threads = 0, queued tasks = 0, completed tasks = 0], outboundChannel[pool size = 0, active threads = 0, queued tasks = 0, completed tasks = 0], sockJsScheduler[pool size = 4, active threads = 1, queued tasks = 1, completed tasks = 673]
2024-07-25T17:56:55.967+05:30  INFO 18500 --- [Management System] [MessageBroker-3] o.s.w.s.c.WebSocketMessageBrokerStats    : WebSocketSession[0 current WS(0)-HttpStream(0)-HttpPoll(0), 0 total, 0 closed abnormally (0 connect failure, 0 send limit, 0 transport error)], stompSubProtocol[processed CONNECT(0)-CONNECTED(0)-DISCONNECT(0)], stompBrokerRelay[null], inboundChannel[pool size = 0, active threads = 0, queued tasks = 0, completed tasks = 0], outboundChannel[pool size = 0, active threads = 0, queued tasks = 0, completed tasks = 0], sockJsScheduler[pool size = 4, active threads = 1, queued tasks = 1, completed tasks = 734]
2024-07-25T18:08:16.203+05:30  INFO 18500 --- [Management System] [RMI TCP Connection(397)-127.0.0.1] inMXBeanRegistrar$SpringApplicationAdmin : Application shutdown requested.
2024-07-25T18:08:16.551+05:30 DEBUG 18500 --- [Management System] [RMI TCP Connection(397)-127.0.0.1] o.s.m.s.ExecutorSubscribableChannel      : clientOutboundChannel removed SubProtocolWebSocketHandler[StompSubProtocolHandler[v10.stomp, v11.stomp, v12.stomp]]
2024-07-25T18:08:16.551+05:30 DEBUG 18500 --- [Management System] [RMI TCP Connection(397)-127.0.0.1] o.s.m.s.ExecutorSubscribableChannel      : clientInboundChannel removed WebSocketAnnotationMethodMessageHandler[prefixes=[/app/]]
2024-07-25T18:08:16.551+05:30  INFO 18500 --- [Management System] [RMI TCP Connection(397)-127.0.0.1] o.s.m.s.b.SimpleBrokerMessageHandler     : Stopping...
2024-07-25T18:08:16.552+05:30  INFO 18500 --- [Management System] [RMI TCP Connection(397)-127.0.0.1] o.s.m.s.b.SimpleBrokerMessageHandler     : BrokerAvailabilityEvent[available=false, SimpleBrokerMessageHandler [org.springframework.messaging.simp.broker.DefaultSubscriptionRegistry@127108e6]]
2024-07-25T18:08:16.552+05:30 DEBUG 18500 --- [Management System] [RMI TCP Connection(397)-127.0.0.1] o.s.m.s.ExecutorSubscribableChannel      : clientInboundChannel removed SimpleBrokerMessageHandler [org.springframework.messaging.simp.broker.DefaultSubscriptionRegistry@127108e6]
2024-07-25T18:08:16.553+05:30 DEBUG 18500 --- [Management System] [RMI TCP Connection(397)-127.0.0.1] o.s.m.s.ExecutorSubscribableChannel      : brokerChannel removed SimpleBrokerMessageHandler [org.springframework.messaging.simp.broker.DefaultSubscriptionRegistry@127108e6]
2024-07-25T18:08:16.553+05:30  INFO 18500 --- [Management System] [RMI TCP Connection(397)-127.0.0.1] o.s.m.s.b.SimpleBrokerMessageHandler     : Stopped.
2024-07-25T18:08:16.553+05:30 DEBUG 18500 --- [Management System] [RMI TCP Connection(397)-127.0.0.1] o.s.m.s.ExecutorSubscribableChannel      : clientInboundChannel removed UserDestinationMessageHandler[DefaultUserDestinationResolver[prefix=/user/]]
2024-07-25T18:08:16.553+05:30 DEBUG 18500 --- [Management System] [RMI TCP Connection(397)-127.0.0.1] o.s.m.s.ExecutorSubscribableChannel      : brokerChannel removed UserDestinationMessageHandler[DefaultUserDestinationResolver[prefix=/user/]]
2024-07-25T18:08:16.726+05:30  INFO 18500 --- [Management System] [RMI TCP Connection(397)-127.0.0.1] j.LocalContainerEntityManagerFactoryBean : Closing JPA EntityManagerFactory for persistence unit 'default'
2024-07-25T18:08:16.786+05:30  INFO 18500 --- [Management System] [RMI TCP Connection(397)-127.0.0.1] com.zaxxer.hikari.HikariDataSource       : HikariPool-1 - Shutdown initiated...
2024-07-25T18:08:16.803+05:30  INFO 18500 --- [Management System] [RMI TCP Connection(397)-127.0.0.1] com.zaxxer.hikari.HikariDataSource       : HikariPool-1 - Shutdown completed.
2024-07-25T20:27:48.634+05:30  WARN 6520 --- [Management System] [main] ory$DuplicateJsonObjectContextCustomizer : 

Found multiple occurrences of org.json.JSONObject on the class path:

	jar:file:/C:/Users/Lenovo/.m2/repository/com/vaadin/external/google/android-json/0.0.20131108.vaadin1/android-json-0.0.20131108.vaadin1.jar!/org/json/JSONObject.class
	jar:file:/C:/Users/Lenovo/.m2/repository/org/json/json/20180130/json-20180130.jar!/org/json/JSONObject.class

You may wish to exclude one of them to ensure predictable runtime behavior

2024-07-25T20:27:48.777+05:30  INFO 6520 --- [Management System] [main] c.m.s.ManagementSystemApplicationTests   : Starting ManagementSystemApplicationTests using Java 17.0.6 with PID 6520 (started by Lenovo in E:\2024\Workspace\Files\Backend\daas-backend)
2024-07-25T20:27:48.778+05:30  INFO 6520 --- [Management System] [main] c.m.s.ManagementSystemApplicationTests   : No active profile set, falling back to 1 default profile: "default"
2024-07-25T20:27:48.841+05:30 DEBUG 6520 --- [Management System] [main] o.s.w.c.s.GenericWebApplicationContext   : Refreshing org.springframework.web.context.support.GenericWebApplicationContext@f973499
2024-07-25T20:27:51.199+05:30  INFO 6520 --- [Management System] [main] .s.d.r.c.RepositoryConfigurationDelegate : Bootstrapping Spring Data JPA repositories in DEFAULT mode.
2024-07-25T20:27:51.328+05:30  INFO 6520 --- [Management System] [main] .s.d.r.c.RepositoryConfigurationDelegate : Finished Spring Data repository scanning in 114 ms. Found 4 JPA repository interfaces.
2024-07-25T20:27:52.651+05:30  INFO 6520 --- [Management System] [main] o.hibernate.jpa.internal.util.LogHelper  : HHH000204: Processing PersistenceUnitInfo [name: default]
2024-07-25T20:27:52.776+05:30  INFO 6520 --- [Management System] [main] org.hibernate.Version                    : HHH000412: Hibernate ORM core version 6.5.2.Final
2024-07-25T20:27:52.853+05:30  INFO 6520 --- [Management System] [main] o.h.c.internal.RegionFactoryInitiator    : HHH000026: Second-level cache disabled
2024-07-25T20:27:53.377+05:30  INFO 6520 --- [Management System] [main] o.s.o.j.p.SpringPersistenceUnitInfo      : No LoadTimeWeaver setup: ignoring JPA class transformer
2024-07-25T20:27:53.421+05:30  INFO 6520 --- [Management System] [main] com.zaxxer.hikari.HikariDataSource       : HikariPool-1 - Starting...
2024-07-25T20:27:56.168+05:30  INFO 6520 --- [Management System] [main] com.zaxxer.hikari.pool.HikariPool        : HikariPool-1 - Added connection com.mysql.cj.jdbc.ConnectionImpl@18df26a1
2024-07-25T20:27:56.171+05:30  INFO 6520 --- [Management System] [main] com.zaxxer.hikari.HikariDataSource       : HikariPool-1 - Start completed.
2024-07-25T20:27:58.082+05:30  INFO 6520 --- [Management System] [main] o.h.e.t.j.p.i.JtaPlatformInitiator       : HHH000489: No JTA platform available (set 'hibernate.transaction.jta.platform' to enable JTA platform integration)
2024-07-25T20:27:59.241+05:30  INFO 6520 --- [Management System] [main] j.LocalContainerEntityManagerFactoryBean : Initialized JPA EntityManagerFactory for persistence unit 'default'
2024-07-25T20:27:59.831+05:30  INFO 6520 --- [Management System] [main] o.s.d.j.r.query.QueryEnhancerFactory     : Hibernate is in classpath; If applicable, HQL parser will be used.
2024-07-25T20:28:00.759+05:30  INFO 6520 --- [Management System] [main] eAuthenticationProviderManagerConfigurer : Global AuthenticationManager configured with AuthenticationProvider bean with name authenticationProvider
2024-07-25T20:28:01.684+05:30 TRACE 6520 --- [Management System] [main] o.s.w.s.s.s.WebSocketHandlerMapping      : Mapped [/ws/**] onto org.springframework.web.socket.sockjs.support.SockJsHttpRequestHandler@71e7b3c9
2024-07-25T20:28:01.685+05:30 DEBUG 6520 --- [Management System] [main] o.s.w.s.s.s.WebSocketHandlerMapping      : Patterns [/ws/**] in 'stompWebSocketHandlerMapping'
2024-07-25T20:28:01.871+05:30 DEBUG 6520 --- [Management System] [main] s.w.s.m.m.a.RequestMappingHandlerMapping : 31 mappings in 'requestMappingHandlerMapping'
2024-07-25T20:28:03.758+05:30 DEBUG 6520 --- [Management System] [main] o.s.w.s.handler.SimpleUrlHandlerMapping  : Patterns [/webjars/**, /**, /swagger-ui*/*swagger-initializer.js, /swagger-ui*/**] in 'resourceHandlerMapping'
2024-07-25T20:28:04.701+05:30  INFO 6520 --- [Management System] [main] o.s.b.a.e.web.EndpointLinksResolver      : Exposing 1 endpoint beneath base path '/actuator'
2024-07-25T20:28:04.863+05:30  INFO 6520 --- [Management System] [main] o.s.s.web.DefaultSecurityFilterChain     : Will secure any request with [org.springframework.security.web.session.DisableEncodeUrlFilter@79cc08fb, org.springframework.security.web.context.request.async.WebAsyncManagerIntegrationFilter@46a9af36, org.springframework.security.web.context.SecurityContextHolderFilter@4fc23215, org.springframework.security.web.header.HeaderWriterFilter@5398fac2, org.springframework.web.filter.CorsFilter@3d1b97e4, org.springframework.security.web.authentication.logout.LogoutFilter@51934be2, com.management.system.config.JwtAuthenticationFilter@5decbb5f, org.springframework.security.web.savedrequest.RequestCacheAwareFilter@1d26e653, org.springframework.security.web.servletapi.SecurityContextHolderAwareRequestFilter@6f78d086, org.springframework.security.web.authentication.AnonymousAuthenticationFilter@53b3cd9b, org.springframework.security.web.session.SessionManagementFilter@6f279a75, org.springframework.security.web.access.ExceptionTranslationFilter@4c93cf28, org.springframework.security.web.access.intercept.AuthorizationFilter@4f63343b]
2024-07-25T20:28:04.983+05:30 TRACE 6520 --- [Management System] [main] .WebSocketAnnotationMethodMessageHandler : Looking for @MessageExceptionHandler mappings: org.springframework.web.context.support.GenericWebApplicationContext@f973499, started on Thu Jul 25 20:27:48 IST 2024
2024-07-25T20:28:05.023+05:30 DEBUG 6520 --- [Management System] [main] .WebSocketAnnotationMethodMessageHandler : 
	c.m.s.c.AdminController:
	
2024-07-25T20:28:05.024+05:30 DEBUG 6520 --- [Management System] [main] .WebSocketAnnotationMethodMessageHandler : 
	c.m.s.c.AuthenticationController:
	
2024-07-25T20:28:05.025+05:30 DEBUG 6520 --- [Management System] [main] .WebSocketAnnotationMethodMessageHandler : 
	c.m.s.c.DocumentController:
	
2024-07-25T20:28:05.025+05:30 DEBUG 6520 --- [Management System] [main] .WebSocketAnnotationMethodMessageHandler : 
	c.m.s.c.EmployeeController:
	
2024-07-25T20:28:05.025+05:30 DEBUG 6520 --- [Management System] [main] .WebSocketAnnotationMethodMessageHandler : 
	c.m.s.c.PaymentGatewayController:
	
2024-07-25T20:28:05.025+05:30 DEBUG 6520 --- [Management System] [main] .WebSocketAnnotationMethodMessageHandler : 
	c.m.s.c.UserController:
	
2024-07-25T20:28:05.026+05:30 DEBUG 6520 --- [Management System] [main] .WebSocketAnnotationMethodMessageHandler : 
	o.s.b.a.w.s.e.BasicErrorController:
	
2024-07-25T20:28:05.028+05:30 DEBUG 6520 --- [Management System] [main] .WebSocketAnnotationMethodMessageHandler : 
	o.s.w.a.OpenApiWebMvcResource:
	
2024-07-25T20:28:05.028+05:30 DEBUG 6520 --- [Management System] [main] .WebSocketAnnotationMethodMessageHandler : 
	o.s.w.u.SwaggerWelcomeWebMvc:
	
2024-07-25T20:28:05.029+05:30 DEBUG 6520 --- [Management System] [main] .WebSocketAnnotationMethodMessageHandler : 
	o.s.w.u.SwaggerConfigResource:
	
2024-07-25T20:28:05.338+05:30 DEBUG 6520 --- [Management System] [main] s.w.s.m.m.a.RequestMappingHandlerAdapter : ControllerAdvice beans: 0 @ModelAttribute, 0 @InitBinder, 1 RequestBodyAdvice, 1 ResponseBodyAdvice
2024-07-25T20:28:05.415+05:30 DEBUG 6520 --- [Management System] [main] .m.m.a.ExceptionHandlerExceptionResolver : ControllerAdvice beans: 2 @ExceptionHandler, 1 ResponseBodyAdvice
2024-07-25T20:28:06.170+05:30 DEBUG 6520 --- [Management System] [main] o.s.m.s.ExecutorSubscribableChannel      : clientOutboundChannel added SubProtocolWebSocketHandler[StompSubProtocolHandler[v10.stomp, v11.stomp, v12.stomp]]
2024-07-25T20:28:06.171+05:30 DEBUG 6520 --- [Management System] [main] o.s.m.s.ExecutorSubscribableChannel      : clientInboundChannel added WebSocketAnnotationMethodMessageHandler[prefixes=[/app/]]
2024-07-25T20:28:06.171+05:30  INFO 6520 --- [Management System] [main] o.s.m.s.b.SimpleBrokerMessageHandler     : Starting...
2024-07-25T20:28:06.172+05:30 DEBUG 6520 --- [Management System] [main] o.s.m.s.ExecutorSubscribableChannel      : clientInboundChannel added SimpleBrokerMessageHandler [org.springframework.messaging.simp.broker.DefaultSubscriptionRegistry@63e67888]
2024-07-25T20:28:06.172+05:30 DEBUG 6520 --- [Management System] [main] o.s.m.s.ExecutorSubscribableChannel      : brokerChannel added SimpleBrokerMessageHandler [org.springframework.messaging.simp.broker.DefaultSubscriptionRegistry@63e67888]
2024-07-25T20:28:06.173+05:30  INFO 6520 --- [Management System] [main] o.s.m.s.b.SimpleBrokerMessageHandler     : BrokerAvailabilityEvent[available=true, SimpleBrokerMessageHandler [org.springframework.messaging.simp.broker.DefaultSubscriptionRegistry@63e67888]]
2024-07-25T20:28:06.175+05:30  INFO 6520 --- [Management System] [main] o.s.m.s.b.SimpleBrokerMessageHandler     : Started.
2024-07-25T20:28:06.176+05:30 DEBUG 6520 --- [Management System] [main] o.s.m.s.ExecutorSubscribableChannel      : clientInboundChannel added UserDestinationMessageHandler[DefaultUserDestinationResolver[prefix=/user/]]
2024-07-25T20:28:06.176+05:30 DEBUG 6520 --- [Management System] [main] o.s.m.s.ExecutorSubscribableChannel      : brokerChannel added UserDestinationMessageHandler[DefaultUserDestinationResolver[prefix=/user/]]
2024-07-25T20:28:06.200+05:30  INFO 6520 --- [Management System] [main] c.m.s.ManagementSystemApplicationTests   : Started ManagementSystemApplicationTests in 18.019 seconds (process running for 20.044)
2024-07-25T20:28:07.775+05:30 DEBUG 6520 --- [Management System] [SpringApplicationShutdownHook] o.s.w.c.s.GenericWebApplicationContext   : Closing org.springframework.web.context.support.GenericWebApplicationContext@f973499, started on Thu Jul 25 20:27:48 IST 2024
2024-07-25T20:28:07.780+05:30 DEBUG 6520 --- [Management System] [SpringApplicationShutdownHook] o.s.m.s.ExecutorSubscribableChannel      : clientOutboundChannel removed SubProtocolWebSocketHandler[StompSubProtocolHandler[v10.stomp, v11.stomp, v12.stomp]]
2024-07-25T20:28:07.781+05:30 DEBUG 6520 --- [Management System] [SpringApplicationShutdownHook] o.s.m.s.ExecutorSubscribableChannel      : clientInboundChannel removed WebSocketAnnotationMethodMessageHandler[prefixes=[/app/]]
2024-07-25T20:28:07.781+05:30  INFO 6520 --- [Management System] [SpringApplicationShutdownHook] o.s.m.s.b.SimpleBrokerMessageHandler     : Stopping...
2024-07-25T20:28:07.782+05:30  INFO 6520 --- [Management System] [SpringApplicationShutdownHook] o.s.m.s.b.SimpleBrokerMessageHandler     : BrokerAvailabilityEvent[available=false, SimpleBrokerMessageHandler [org.springframework.messaging.simp.broker.DefaultSubscriptionRegistry@63e67888]]
2024-07-25T20:28:07.782+05:30 DEBUG 6520 --- [Management System] [SpringApplicationShutdownHook] o.s.m.s.ExecutorSubscribableChannel      : clientInboundChannel removed SimpleBrokerMessageHandler [org.springframework.messaging.simp.broker.DefaultSubscriptionRegistry@63e67888]
2024-07-25T20:28:07.782+05:30 DEBUG 6520 --- [Management System] [SpringApplicationShutdownHook] o.s.m.s.ExecutorSubscribableChannel      : brokerChannel removed SimpleBrokerMessageHandler [org.springframework.messaging.simp.broker.DefaultSubscriptionRegistry@63e67888]
2024-07-25T20:28:07.782+05:30  INFO 6520 --- [Management System] [SpringApplicationShutdownHook] o.s.m.s.b.SimpleBrokerMessageHandler     : Stopped.
2024-07-25T20:28:07.783+05:30 DEBUG 6520 --- [Management System] [SpringApplicationShutdownHook] o.s.m.s.ExecutorSubscribableChannel      : clientInboundChannel removed UserDestinationMessageHandler[DefaultUserDestinationResolver[prefix=/user/]]
2024-07-25T20:28:07.783+05:30 DEBUG 6520 --- [Management System] [SpringApplicationShutdownHook] o.s.m.s.ExecutorSubscribableChannel      : brokerChannel removed UserDestinationMessageHandler[DefaultUserDestinationResolver[prefix=/user/]]
2024-07-25T20:28:07.806+05:30  INFO 6520 --- [Management System] [SpringApplicationShutdownHook] j.LocalContainerEntityManagerFactoryBean : Closing JPA EntityManagerFactory for persistence unit 'default'
2024-07-25T20:28:07.809+05:30  INFO 6520 --- [Management System] [SpringApplicationShutdownHook] com.zaxxer.hikari.HikariDataSource       : HikariPool-1 - Shutdown initiated...
2024-07-25T20:28:09.307+05:30  INFO 6520 --- [Management System] [SpringApplicationShutdownHook] com.zaxxer.hikari.HikariDataSource       : HikariPool-1 - Shutdown completed.
2024-07-25T20:35:02.661+05:30  WARN 3076 --- [Management System] [main] ory$DuplicateJsonObjectContextCustomizer : 

Found multiple occurrences of org.json.JSONObject on the class path:

	jar:file:/C:/Users/Lenovo/.m2/repository/com/vaadin/external/google/android-json/0.0.20131108.vaadin1/android-json-0.0.20131108.vaadin1.jar!/org/json/JSONObject.class
	jar:file:/C:/Users/Lenovo/.m2/repository/org/json/json/20180130/json-20180130.jar!/org/json/JSONObject.class

You may wish to exclude one of them to ensure predictable runtime behavior

2024-07-25T20:35:02.698+05:30  INFO 3076 --- [Management System] [main] c.m.s.ManagementSystemApplicationTests   : Starting ManagementSystemApplicationTests using Java 17.0.6 with PID 3076 (started by Lenovo in E:\2024\Workspace\Files\Backend\daas-backend)
2024-07-25T20:35:02.700+05:30  INFO 3076 --- [Management System] [main] c.m.s.ManagementSystemApplicationTests   : No active profile set, falling back to 1 default profile: "default"
2024-07-25T20:35:02.763+05:30 DEBUG 3076 --- [Management System] [main] o.s.w.c.s.GenericWebApplicationContext   : Refreshing org.springframework.web.context.support.GenericWebApplicationContext@f973499
2024-07-25T20:35:04.995+05:30  INFO 3076 --- [Management System] [main] .s.d.r.c.RepositoryConfigurationDelegate : Bootstrapping Spring Data JPA repositories in DEFAULT mode.
2024-07-25T20:35:05.129+05:30  INFO 3076 --- [Management System] [main] .s.d.r.c.RepositoryConfigurationDelegate : Finished Spring Data repository scanning in 119 ms. Found 4 JPA repository interfaces.
2024-07-25T20:35:06.399+05:30  INFO 3076 --- [Management System] [main] o.hibernate.jpa.internal.util.LogHelper  : HHH000204: Processing PersistenceUnitInfo [name: default]
2024-07-25T20:35:06.495+05:30  INFO 3076 --- [Management System] [main] org.hibernate.Version                    : HHH000412: Hibernate ORM core version 6.5.2.Final
2024-07-25T20:35:06.563+05:30  INFO 3076 --- [Management System] [main] o.h.c.internal.RegionFactoryInitiator    : HHH000026: Second-level cache disabled
2024-07-25T20:35:07.137+05:30  INFO 3076 --- [Management System] [main] o.s.o.j.p.SpringPersistenceUnitInfo      : No LoadTimeWeaver setup: ignoring JPA class transformer
2024-07-25T20:35:07.187+05:30  INFO 3076 --- [Management System] [main] com.zaxxer.hikari.HikariDataSource       : HikariPool-1 - Starting...
2024-07-25T20:35:09.967+05:30  INFO 3076 --- [Management System] [main] com.zaxxer.hikari.pool.HikariPool        : HikariPool-1 - Added connection com.mysql.cj.jdbc.ConnectionImpl@f98cff
2024-07-25T20:35:09.970+05:30  INFO 3076 --- [Management System] [main] com.zaxxer.hikari.HikariDataSource       : HikariPool-1 - Start completed.
2024-07-25T20:35:11.835+05:30  INFO 3076 --- [Management System] [main] o.h.e.t.j.p.i.JtaPlatformInitiator       : HHH000489: No JTA platform available (set 'hibernate.transaction.jta.platform' to enable JTA platform integration)
2024-07-25T20:35:13.024+05:30  INFO 3076 --- [Management System] [main] j.LocalContainerEntityManagerFactoryBean : Initialized JPA EntityManagerFactory for persistence unit 'default'
2024-07-25T20:35:13.632+05:30  INFO 3076 --- [Management System] [main] o.s.d.j.r.query.QueryEnhancerFactory     : Hibernate is in classpath; If applicable, HQL parser will be used.
2024-07-25T20:35:14.557+05:30  INFO 3076 --- [Management System] [main] eAuthenticationProviderManagerConfigurer : Global AuthenticationManager configured with AuthenticationProvider bean with name authenticationProvider
2024-07-25T20:35:15.445+05:30 TRACE 3076 --- [Management System] [main] o.s.w.s.s.s.WebSocketHandlerMapping      : Mapped [/ws/**] onto org.springframework.web.socket.sockjs.support.SockJsHttpRequestHandler@22f34197
2024-07-25T20:35:15.445+05:30 DEBUG 3076 --- [Management System] [main] o.s.w.s.s.s.WebSocketHandlerMapping      : Patterns [/ws/**] in 'stompWebSocketHandlerMapping'
2024-07-25T20:35:15.630+05:30 DEBUG 3076 --- [Management System] [main] s.w.s.m.m.a.RequestMappingHandlerMapping : 31 mappings in 'requestMappingHandlerMapping'
2024-07-25T20:35:17.570+05:30 DEBUG 3076 --- [Management System] [main] o.s.w.s.handler.SimpleUrlHandlerMapping  : Patterns [/webjars/**, /**, /swagger-ui*/*swagger-initializer.js, /swagger-ui*/**] in 'resourceHandlerMapping'
2024-07-25T20:35:18.142+05:30  INFO 3076 --- [Management System] [main] o.s.b.a.e.web.EndpointLinksResolver      : Exposing 1 endpoint beneath base path '/actuator'
2024-07-25T20:35:18.304+05:30  INFO 3076 --- [Management System] [main] o.s.s.web.DefaultSecurityFilterChain     : Will secure any request with [org.springframework.security.web.session.DisableEncodeUrlFilter@510d8c03, org.springframework.security.web.context.request.async.WebAsyncManagerIntegrationFilter@592e1c4f, org.springframework.security.web.context.SecurityContextHolderFilter@7ff4f301, org.springframework.security.web.header.HeaderWriterFilter@4ce6f39e, org.springframework.web.filter.CorsFilter@d931617, org.springframework.security.web.authentication.logout.LogoutFilter@79dba8fc, com.management.system.config.JwtAuthenticationFilter@5d81bc79, org.springframework.security.web.savedrequest.RequestCacheAwareFilter@fec48ec, org.springframework.security.web.servletapi.SecurityContextHolderAwareRequestFilter@1b8117f4, org.springframework.security.web.authentication.AnonymousAuthenticationFilter@47786165, org.springframework.security.web.session.SessionManagementFilter@6de7c6bd, org.springframework.security.web.access.ExceptionTranslationFilter@2ed34811, org.springframework.security.web.access.intercept.AuthorizationFilter@241e03cc]
2024-07-25T20:35:18.430+05:30 TRACE 3076 --- [Management System] [main] .WebSocketAnnotationMethodMessageHandler : Looking for @MessageExceptionHandler mappings: org.springframework.web.context.support.GenericWebApplicationContext@f973499, started on Thu Jul 25 20:35:02 IST 2024
2024-07-25T20:35:18.458+05:30 DEBUG 3076 --- [Management System] [main] .WebSocketAnnotationMethodMessageHandler : 
	c.m.s.c.AdminController:
	
2024-07-25T20:35:18.459+05:30 DEBUG 3076 --- [Management System] [main] .WebSocketAnnotationMethodMessageHandler : 
	c.m.s.c.AuthenticationController:
	
2024-07-25T20:35:18.460+05:30 DEBUG 3076 --- [Management System] [main] .WebSocketAnnotationMethodMessageHandler : 
	c.m.s.c.DocumentController:
	
2024-07-25T20:35:18.460+05:30 DEBUG 3076 --- [Management System] [main] .WebSocketAnnotationMethodMessageHandler : 
	c.m.s.c.EmployeeController:
	
2024-07-25T20:35:18.460+05:30 DEBUG 3076 --- [Management System] [main] .WebSocketAnnotationMethodMessageHandler : 
	c.m.s.c.PaymentGatewayController:
	
2024-07-25T20:35:18.461+05:30 DEBUG 3076 --- [Management System] [main] .WebSocketAnnotationMethodMessageHandler : 
	c.m.s.c.UserController:
	
2024-07-25T20:35:18.462+05:30 DEBUG 3076 --- [Management System] [main] .WebSocketAnnotationMethodMessageHandler : 
	o.s.b.a.w.s.e.BasicErrorController:
	
2024-07-25T20:35:18.463+05:30 DEBUG 3076 --- [Management System] [main] .WebSocketAnnotationMethodMessageHandler : 
	o.s.w.a.OpenApiWebMvcResource:
	
2024-07-25T20:35:18.463+05:30 DEBUG 3076 --- [Management System] [main] .WebSocketAnnotationMethodMessageHandler : 
	o.s.w.u.SwaggerWelcomeWebMvc:
	
2024-07-25T20:35:18.463+05:30 DEBUG 3076 --- [Management System] [main] .WebSocketAnnotationMethodMessageHandler : 
	o.s.w.u.SwaggerConfigResource:
	
2024-07-25T20:35:18.899+05:30 DEBUG 3076 --- [Management System] [main] s.w.s.m.m.a.RequestMappingHandlerAdapter : ControllerAdvice beans: 0 @ModelAttribute, 0 @InitBinder, 1 RequestBodyAdvice, 1 ResponseBodyAdvice
2024-07-25T20:35:18.986+05:30 DEBUG 3076 --- [Management System] [main] .m.m.a.ExceptionHandlerExceptionResolver : ControllerAdvice beans: 2 @ExceptionHandler, 1 ResponseBodyAdvice
2024-07-25T20:35:19.638+05:30 DEBUG 3076 --- [Management System] [main] o.s.m.s.ExecutorSubscribableChannel      : clientOutboundChannel added SubProtocolWebSocketHandler[StompSubProtocolHandler[v10.stomp, v11.stomp, v12.stomp]]
2024-07-25T20:35:19.640+05:30 DEBUG 3076 --- [Management System] [main] o.s.m.s.ExecutorSubscribableChannel      : clientInboundChannel added WebSocketAnnotationMethodMessageHandler[prefixes=[/app/]]
2024-07-25T20:35:19.641+05:30  INFO 3076 --- [Management System] [main] o.s.m.s.b.SimpleBrokerMessageHandler     : Starting...
2024-07-25T20:35:19.641+05:30 DEBUG 3076 --- [Management System] [main] o.s.m.s.ExecutorSubscribableChannel      : clientInboundChannel added SimpleBrokerMessageHandler [org.springframework.messaging.simp.broker.DefaultSubscriptionRegistry@39613474]
2024-07-25T20:35:19.642+05:30 DEBUG 3076 --- [Management System] [main] o.s.m.s.ExecutorSubscribableChannel      : brokerChannel added SimpleBrokerMessageHandler [org.springframework.messaging.simp.broker.DefaultSubscriptionRegistry@39613474]
2024-07-25T20:35:19.643+05:30  INFO 3076 --- [Management System] [main] o.s.m.s.b.SimpleBrokerMessageHandler     : BrokerAvailabilityEvent[available=true, SimpleBrokerMessageHandler [org.springframework.messaging.simp.broker.DefaultSubscriptionRegistry@39613474]]
2024-07-25T20:35:19.644+05:30  INFO 3076 --- [Management System] [main] o.s.m.s.b.SimpleBrokerMessageHandler     : Started.
2024-07-25T20:35:19.645+05:30 DEBUG 3076 --- [Management System] [main] o.s.m.s.ExecutorSubscribableChannel      : clientInboundChannel added UserDestinationMessageHandler[DefaultUserDestinationResolver[prefix=/user/]]
2024-07-25T20:35:19.646+05:30 DEBUG 3076 --- [Management System] [main] o.s.m.s.ExecutorSubscribableChannel      : brokerChannel added UserDestinationMessageHandler[DefaultUserDestinationResolver[prefix=/user/]]
2024-07-25T20:35:19.668+05:30  INFO 3076 --- [Management System] [main] c.m.s.ManagementSystemApplicationTests   : Started ManagementSystemApplicationTests in 17.481 seconds (process running for 19.387)
2024-07-25T20:35:21.233+05:30 DEBUG 3076 --- [Management System] [SpringApplicationShutdownHook] o.s.w.c.s.GenericWebApplicationContext   : Closing org.springframework.web.context.support.GenericWebApplicationContext@f973499, started on Thu Jul 25 20:35:02 IST 2024
2024-07-25T20:35:21.240+05:30 DEBUG 3076 --- [Management System] [SpringApplicationShutdownHook] o.s.m.s.ExecutorSubscribableChannel      : clientOutboundChannel removed SubProtocolWebSocketHandler[StompSubProtocolHandler[v10.stomp, v11.stomp, v12.stomp]]
2024-07-25T20:35:21.240+05:30 DEBUG 3076 --- [Management System] [SpringApplicationShutdownHook] o.s.m.s.ExecutorSubscribableChannel      : clientInboundChannel removed WebSocketAnnotationMethodMessageHandler[prefixes=[/app/]]
2024-07-25T20:35:21.240+05:30  INFO 3076 --- [Management System] [SpringApplicationShutdownHook] o.s.m.s.b.SimpleBrokerMessageHandler     : Stopping...
2024-07-25T20:35:21.241+05:30  INFO 3076 --- [Management System] [SpringApplicationShutdownHook] o.s.m.s.b.SimpleBrokerMessageHandler     : BrokerAvailabilityEvent[available=false, SimpleBrokerMessageHandler [org.springframework.messaging.simp.broker.DefaultSubscriptionRegistry@39613474]]
2024-07-25T20:35:21.241+05:30 DEBUG 3076 --- [Management System] [SpringApplicationShutdownHook] o.s.m.s.ExecutorSubscribableChannel      : clientInboundChannel removed SimpleBrokerMessageHandler [org.springframework.messaging.simp.broker.DefaultSubscriptionRegistry@39613474]
2024-07-25T20:35:21.241+05:30 DEBUG 3076 --- [Management System] [SpringApplicationShutdownHook] o.s.m.s.ExecutorSubscribableChannel      : brokerChannel removed SimpleBrokerMessageHandler [org.springframework.messaging.simp.broker.DefaultSubscriptionRegistry@39613474]
2024-07-25T20:35:21.242+05:30  INFO 3076 --- [Management System] [SpringApplicationShutdownHook] o.s.m.s.b.SimpleBrokerMessageHandler     : Stopped.
2024-07-25T20:35:21.242+05:30 DEBUG 3076 --- [Management System] [SpringApplicationShutdownHook] o.s.m.s.ExecutorSubscribableChannel      : clientInboundChannel removed UserDestinationMessageHandler[DefaultUserDestinationResolver[prefix=/user/]]
2024-07-25T20:35:21.242+05:30 DEBUG 3076 --- [Management System] [SpringApplicationShutdownHook] o.s.m.s.ExecutorSubscribableChannel      : brokerChannel removed UserDestinationMessageHandler[DefaultUserDestinationResolver[prefix=/user/]]
2024-07-25T20:35:21.264+05:30  INFO 3076 --- [Management System] [SpringApplicationShutdownHook] j.LocalContainerEntityManagerFactoryBean : Closing JPA EntityManagerFactory for persistence unit 'default'
2024-07-25T20:35:21.268+05:30  INFO 3076 --- [Management System] [SpringApplicationShutdownHook] com.zaxxer.hikari.HikariDataSource       : HikariPool-1 - Shutdown initiated...
2024-07-25T20:35:22.760+05:30  INFO 3076 --- [Management System] [SpringApplicationShutdownHook] com.zaxxer.hikari.HikariDataSource       : HikariPool-1 - Shutdown completed.
